2021-01-28T08:19:59+00:00 CRITICAL Uncaught Error: Call to undefined method Importer_Admin::ced_update_post_meta() in /opt/lampp/htdocs/woo_wordpress/wp-content/plugins/importer/admin/class-importer-admin.php:294
Stack trace:
#0 /opt/lampp/htdocs/woo_wordpress/wp-includes/class-wp-hook.php(287): Importer_Admin->import_ajax_data('')
#1 /opt/lampp/htdocs/woo_wordpress/wp-includes/class-wp-hook.php(311): WP_Hook->apply_filters('', Array)
#2 /opt/lampp/htdocs/woo_wordpress/wp-includes/plugin.php(484): WP_Hook->do_action(Array)
#3 /opt/lampp/htdocs/woo_wordpress/wp-admin/admin-ajax.php(184): do_action('wp_ajax_import_...')
#4 {main}
  thrown in /opt/lampp/htdocs/woo_wordpress/wp-content/plugins/importer/admin/class-importer-admin.php on line 294

2021-01-28T08:22:00+00:00 CRITICAL Uncaught Error: Call to undefined method Importer_Admin::ced_update_post_meta() in /opt/lampp/htdocs/woo_wordpress/wp-content/plugins/importer/admin/class-importer-admin.php:295
Stack trace:
#0 /opt/lampp/htdocs/woo_wordpress/wp-includes/class-wp-hook.php(287): Importer_Admin->import_ajax_data('')
#1 /opt/lampp/htdocs/woo_wordpress/wp-includes/class-wp-hook.php(311): WP_Hook->apply_filters('', Array)
#2 /opt/lampp/htdocs/woo_wordpress/wp-includes/plugin.php(484): WP_Hook->do_action(Array)
#3 /opt/lampp/htdocs/woo_wordpress/wp-admin/admin-ajax.php(184): do_action('wp_ajax_import_...')
#4 {main}
  thrown in /opt/lampp/htdocs/woo_wordpress/wp-content/plugins/importer/admin/class-importer-admin.php on line 295

2021-01-28T08:22:26+00:00 CRITICAL Uncaught Error: Call to undefined method Importer_Admin::ced_update_post_meta() in /opt/lampp/htdocs/woo_wordpress/wp-content/plugins/importer/admin/class-importer-admin.php:295
Stack trace:
#0 /opt/lampp/htdocs/woo_wordpress/wp-includes/class-wp-hook.php(287): Importer_Admin->import_ajax_data('')
#1 /opt/lampp/htdocs/woo_wordpress/wp-includes/class-wp-hook.php(311): WP_Hook->apply_filters('', Array)
#2 /opt/lampp/htdocs/woo_wordpress/wp-includes/plugin.php(484): WP_Hook->do_action(Array)
#3 /opt/lampp/htdocs/woo_wordpress/wp-admin/admin-ajax.php(184): do_action('wp_ajax_import_...')
#4 {main}
  thrown in /opt/lampp/htdocs/woo_wordpress/wp-content/plugins/importer/admin/class-importer-admin.php on line 295

