2021-01-21T04:54:34+00:00 CRITICAL Uncaught Error: Call to undefined method Wholesale_Admin::get_settings() in /opt/lampp/htdocs/woo_wordpress/wp-content/plugins/wholesale/admin/class-wholesale-admin.php:113
Stack trace:
#0 /opt/lampp/htdocs/woo_wordpress/wp-includes/class-wp-hook.php(287): Wholesale_Admin->settings_tab('')
#1 /opt/lampp/htdocs/woo_wordpress/wp-includes/class-wp-hook.php(311): WP_Hook->apply_filters('', Array)
#2 /opt/lampp/htdocs/woo_wordpress/wp-includes/plugin.php(484): WP_Hook->do_action(Array)
#3 /opt/lampp/htdocs/woo_wordpress/wp-content/plugins/woocommerce/includes/admin/views/html-admin-settings.php(41): do_action('woocommerce_set...')
#4 /opt/lampp/htdocs/woo_wordpress/wp-content/plugins/woocommerce/includes/admin/class-wc-admin-settings.php(153): include('/opt/lampp/htdo...')
#5 /opt/lampp/htdocs/woo_wordpress/wp-content/plugins/woocommerce/includes/admin/class-wc-admin-menus.php(271): WC_Admin_Settings::output()
#6 /opt/lampp/htdocs/woo_wordpress/wp-includes/class-wp-hook.php(287): WC_Admin_Menus->settings_page('')
 in /opt/lampp/htdocs/woo_wordpress/wp-content/plugins/wholesale/admin/class-wholesale-admin.php on line 113

2021-01-21T04:55:29+00:00 CRITICAL Uncaught Error: Call to undefined method Wholesale_Admin::get_settings() in /opt/lampp/htdocs/woo_wordpress/wp-content/plugins/wholesale/admin/class-wholesale-admin.php:113
Stack trace:
#0 /opt/lampp/htdocs/woo_wordpress/wp-includes/class-wp-hook.php(287): Wholesale_Admin->settings_tab('')
#1 /opt/lampp/htdocs/woo_wordpress/wp-includes/class-wp-hook.php(311): WP_Hook->apply_filters('', Array)
#2 /opt/lampp/htdocs/woo_wordpress/wp-includes/plugin.php(484): WP_Hook->do_action(Array)
#3 /opt/lampp/htdocs/woo_wordpress/wp-content/plugins/woocommerce/includes/admin/views/html-admin-settings.php(41): do_action('woocommerce_set...')
#4 /opt/lampp/htdocs/woo_wordpress/wp-content/plugins/woocommerce/includes/admin/class-wc-admin-settings.php(153): include('/opt/lampp/htdo...')
#5 /opt/lampp/htdocs/woo_wordpress/wp-content/plugins/woocommerce/includes/admin/class-wc-admin-menus.php(271): WC_Admin_Settings::output()
#6 /opt/lampp/htdocs/woo_wordpress/wp-includes/class-wp-hook.php(287): WC_Admin_Menus->settings_page('')
 in /opt/lampp/htdocs/woo_wordpress/wp-content/plugins/wholesale/admin/class-wholesale-admin.php on line 113

2021-01-21T04:55:31+00:00 CRITICAL Uncaught Error: Call to undefined method Wholesale_Admin::get_settings() in /opt/lampp/htdocs/woo_wordpress/wp-content/plugins/wholesale/admin/class-wholesale-admin.php:113
Stack trace:
#0 /opt/lampp/htdocs/woo_wordpress/wp-includes/class-wp-hook.php(287): Wholesale_Admin->settings_tab('')
#1 /opt/lampp/htdocs/woo_wordpress/wp-includes/class-wp-hook.php(311): WP_Hook->apply_filters('', Array)
#2 /opt/lampp/htdocs/woo_wordpress/wp-includes/plugin.php(484): WP_Hook->do_action(Array)
#3 /opt/lampp/htdocs/woo_wordpress/wp-content/plugins/woocommerce/includes/admin/views/html-admin-settings.php(41): do_action('woocommerce_set...')
#4 /opt/lampp/htdocs/woo_wordpress/wp-content/plugins/woocommerce/includes/admin/class-wc-admin-settings.php(153): include('/opt/lampp/htdo...')
#5 /opt/lampp/htdocs/woo_wordpress/wp-content/plugins/woocommerce/includes/admin/class-wc-admin-menus.php(271): WC_Admin_Settings::output()
#6 /opt/lampp/htdocs/woo_wordpress/wp-includes/class-wp-hook.php(287): WC_Admin_Menus->settings_page('')
 in /opt/lampp/htdocs/woo_wordpress/wp-content/plugins/wholesale/admin/class-wholesale-admin.php on line 113

2021-01-21T04:55:32+00:00 CRITICAL Uncaught Error: Call to undefined method Wholesale_Admin::get_settings() in /opt/lampp/htdocs/woo_wordpress/wp-content/plugins/wholesale/admin/class-wholesale-admin.php:113
Stack trace:
#0 /opt/lampp/htdocs/woo_wordpress/wp-includes/class-wp-hook.php(287): Wholesale_Admin->settings_tab('')
#1 /opt/lampp/htdocs/woo_wordpress/wp-includes/class-wp-hook.php(311): WP_Hook->apply_filters('', Array)
#2 /opt/lampp/htdocs/woo_wordpress/wp-includes/plugin.php(484): WP_Hook->do_action(Array)
#3 /opt/lampp/htdocs/woo_wordpress/wp-content/plugins/woocommerce/includes/admin/views/html-admin-settings.php(41): do_action('woocommerce_set...')
#4 /opt/lampp/htdocs/woo_wordpress/wp-content/plugins/woocommerce/includes/admin/class-wc-admin-settings.php(153): include('/opt/lampp/htdo...')
#5 /opt/lampp/htdocs/woo_wordpress/wp-content/plugins/woocommerce/includes/admin/class-wc-admin-menus.php(271): WC_Admin_Settings::output()
#6 /opt/lampp/htdocs/woo_wordpress/wp-includes/class-wp-hook.php(287): WC_Admin_Menus->settings_page('')
 in /opt/lampp/htdocs/woo_wordpress/wp-content/plugins/wholesale/admin/class-wholesale-admin.php on line 113

2021-01-21T04:56:42+00:00 CRITICAL Uncaught Error: Call to undefined method Wholesale_Admin::get_settings() in /opt/lampp/htdocs/woo_wordpress/wp-content/plugins/wholesale/admin/class-wholesale-admin.php:113
Stack trace:
#0 /opt/lampp/htdocs/woo_wordpress/wp-includes/class-wp-hook.php(287): Wholesale_Admin->settings_tab('')
#1 /opt/lampp/htdocs/woo_wordpress/wp-includes/class-wp-hook.php(311): WP_Hook->apply_filters('', Array)
#2 /opt/lampp/htdocs/woo_wordpress/wp-includes/plugin.php(484): WP_Hook->do_action(Array)
#3 /opt/lampp/htdocs/woo_wordpress/wp-content/plugins/woocommerce/includes/admin/views/html-admin-settings.php(41): do_action('woocommerce_set...')
#4 /opt/lampp/htdocs/woo_wordpress/wp-content/plugins/woocommerce/includes/admin/class-wc-admin-settings.php(153): include('/opt/lampp/htdo...')
#5 /opt/lampp/htdocs/woo_wordpress/wp-content/plugins/woocommerce/includes/admin/class-wc-admin-menus.php(271): WC_Admin_Settings::output()
#6 /opt/lampp/htdocs/woo_wordpress/wp-includes/class-wp-hook.php(287): WC_Admin_Menus->settings_page('')
 in /opt/lampp/htdocs/woo_wordpress/wp-content/plugins/wholesale/admin/class-wholesale-admin.php on line 113

2021-01-21T04:56:44+00:00 CRITICAL Uncaught Error: Call to undefined method Wholesale_Admin::get_settings() in /opt/lampp/htdocs/woo_wordpress/wp-content/plugins/wholesale/admin/class-wholesale-admin.php:113
Stack trace:
#0 /opt/lampp/htdocs/woo_wordpress/wp-includes/class-wp-hook.php(287): Wholesale_Admin->settings_tab('')
#1 /opt/lampp/htdocs/woo_wordpress/wp-includes/class-wp-hook.php(311): WP_Hook->apply_filters('', Array)
#2 /opt/lampp/htdocs/woo_wordpress/wp-includes/plugin.php(484): WP_Hook->do_action(Array)
#3 /opt/lampp/htdocs/woo_wordpress/wp-content/plugins/woocommerce/includes/admin/views/html-admin-settings.php(41): do_action('woocommerce_set...')
#4 /opt/lampp/htdocs/woo_wordpress/wp-content/plugins/woocommerce/includes/admin/class-wc-admin-settings.php(153): include('/opt/lampp/htdo...')
#5 /opt/lampp/htdocs/woo_wordpress/wp-content/plugins/woocommerce/includes/admin/class-wc-admin-menus.php(271): WC_Admin_Settings::output()
#6 /opt/lampp/htdocs/woo_wordpress/wp-includes/class-wp-hook.php(287): WC_Admin_Menus->settings_page('')
 in /opt/lampp/htdocs/woo_wordpress/wp-content/plugins/wholesale/admin/class-wholesale-admin.php on line 113

2021-01-21T04:56:47+00:00 CRITICAL Uncaught Error: Call to undefined method Wholesale_Admin::get_settings() in /opt/lampp/htdocs/woo_wordpress/wp-content/plugins/wholesale/admin/class-wholesale-admin.php:113
Stack trace:
#0 /opt/lampp/htdocs/woo_wordpress/wp-includes/class-wp-hook.php(287): Wholesale_Admin->settings_tab('')
#1 /opt/lampp/htdocs/woo_wordpress/wp-includes/class-wp-hook.php(311): WP_Hook->apply_filters('', Array)
#2 /opt/lampp/htdocs/woo_wordpress/wp-includes/plugin.php(484): WP_Hook->do_action(Array)
#3 /opt/lampp/htdocs/woo_wordpress/wp-content/plugins/woocommerce/includes/admin/views/html-admin-settings.php(41): do_action('woocommerce_set...')
#4 /opt/lampp/htdocs/woo_wordpress/wp-content/plugins/woocommerce/includes/admin/class-wc-admin-settings.php(153): include('/opt/lampp/htdo...')
#5 /opt/lampp/htdocs/woo_wordpress/wp-content/plugins/woocommerce/includes/admin/class-wc-admin-menus.php(271): WC_Admin_Settings::output()
#6 /opt/lampp/htdocs/woo_wordpress/wp-includes/class-wp-hook.php(287): WC_Admin_Menus->settings_page('')
 in /opt/lampp/htdocs/woo_wordpress/wp-content/plugins/wholesale/admin/class-wholesale-admin.php on line 113

2021-01-21T04:56:49+00:00 CRITICAL Uncaught Error: Call to undefined method Wholesale_Admin::get_settings() in /opt/lampp/htdocs/woo_wordpress/wp-content/plugins/wholesale/admin/class-wholesale-admin.php:113
Stack trace:
#0 /opt/lampp/htdocs/woo_wordpress/wp-includes/class-wp-hook.php(287): Wholesale_Admin->settings_tab('')
#1 /opt/lampp/htdocs/woo_wordpress/wp-includes/class-wp-hook.php(311): WP_Hook->apply_filters('', Array)
#2 /opt/lampp/htdocs/woo_wordpress/wp-includes/plugin.php(484): WP_Hook->do_action(Array)
#3 /opt/lampp/htdocs/woo_wordpress/wp-content/plugins/woocommerce/includes/admin/views/html-admin-settings.php(41): do_action('woocommerce_set...')
#4 /opt/lampp/htdocs/woo_wordpress/wp-content/plugins/woocommerce/includes/admin/class-wc-admin-settings.php(153): include('/opt/lampp/htdo...')
#5 /opt/lampp/htdocs/woo_wordpress/wp-content/plugins/woocommerce/includes/admin/class-wc-admin-menus.php(271): WC_Admin_Settings::output()
#6 /opt/lampp/htdocs/woo_wordpress/wp-includes/class-wp-hook.php(287): WC_Admin_Menus->settings_page('')
 in /opt/lampp/htdocs/woo_wordpress/wp-content/plugins/wholesale/admin/class-wholesale-admin.php on line 113

2021-01-21T04:57:26+00:00 CRITICAL Uncaught Error: Call to undefined method Wholesale_Admin::get_settings() in /opt/lampp/htdocs/woo_wordpress/wp-content/plugins/wholesale/admin/class-wholesale-admin.php:113
Stack trace:
#0 /opt/lampp/htdocs/woo_wordpress/wp-includes/class-wp-hook.php(287): Wholesale_Admin->settings_tab('')
#1 /opt/lampp/htdocs/woo_wordpress/wp-includes/class-wp-hook.php(311): WP_Hook->apply_filters('', Array)
#2 /opt/lampp/htdocs/woo_wordpress/wp-includes/plugin.php(484): WP_Hook->do_action(Array)
#3 /opt/lampp/htdocs/woo_wordpress/wp-content/plugins/woocommerce/includes/admin/views/html-admin-settings.php(41): do_action('woocommerce_set...')
#4 /opt/lampp/htdocs/woo_wordpress/wp-content/plugins/woocommerce/includes/admin/class-wc-admin-settings.php(153): include('/opt/lampp/htdo...')
#5 /opt/lampp/htdocs/woo_wordpress/wp-content/plugins/woocommerce/includes/admin/class-wc-admin-menus.php(271): WC_Admin_Settings::output()
#6 /opt/lampp/htdocs/woo_wordpress/wp-includes/class-wp-hook.php(287): WC_Admin_Menus->settings_page('')
 in /opt/lampp/htdocs/woo_wordpress/wp-content/plugins/wholesale/admin/class-wholesale-admin.php on line 113

2021-01-21T07:10:47+00:00 CRITICAL Uncaught Error: Call to undefined method Wholesale_Admin::get_settings() in /opt/lampp/htdocs/woo_wordpress/wp-content/plugins/wholesale/admin/class-wholesale-admin.php:345
Stack trace:
#0 /opt/lampp/htdocs/woo_wordpress/wp-includes/class-wp-hook.php(287): Wholesale_Admin->save('')
#1 /opt/lampp/htdocs/woo_wordpress/wp-includes/class-wp-hook.php(311): WP_Hook->apply_filters('', Array)
#2 /opt/lampp/htdocs/woo_wordpress/wp-includes/plugin.php(484): WP_Hook->do_action(Array)
#3 /opt/lampp/htdocs/woo_wordpress/wp-content/plugins/woocommerce/includes/admin/class-wc-admin-settings.php(77): do_action('woocommerce_set...')
#4 /opt/lampp/htdocs/woo_wordpress/wp-content/plugins/woocommerce/includes/admin/class-wc-admin-menus.php(133): WC_Admin_Settings::save()
#5 /opt/lampp/htdocs/woo_wordpress/wp-includes/class-wp-hook.php(287): WC_Admin_Menus->save_settings('')
#6 /opt/lampp/htdocs/woo_wordpress/wp-includes/class-wp-hook.php(311): WP_Hook->apply_filters(NULL, Array)
#7 /opt/lampp/htdocs/woo_wordpress/wp-includes/plu in /opt/lampp/htdocs/woo_wordpress/wp-content/plugins/wholesale/admin/class-wholesale-admin.php on line 345

2021-01-21T07:53:32+00:00 CRITICAL Uncaught Error: Call to a member function get_sale_price() on null in /opt/lampp/htdocs/woo_wordpress/wp-content/plugins/wholesale/admin/class-wholesale-admin.php:364
Stack trace:
#0 /opt/lampp/htdocs/woo_wordpress/wp-includes/class-wp-hook.php(287): Wholesale_Admin->ced_display_wholesale_field('')
#1 /opt/lampp/htdocs/woo_wordpress/wp-includes/class-wp-hook.php(311): WP_Hook->apply_filters('', Array)
#2 /opt/lampp/htdocs/woo_wordpress/wp-includes/plugin.php(484): WP_Hook->do_action(Array)
#3 /opt/lampp/htdocs/woo_wordpress/wp-content/plugins/woocommerce/includes/admin/meta-boxes/views/html-product-data-general.php(71): do_action('woocommerce_pro...')
#4 /opt/lampp/htdocs/woo_wordpress/wp-content/plugins/woocommerce/includes/admin/meta-boxes/class-wc-meta-box-product-data.php(42): include('/opt/lampp/htdo...')
#5 /opt/lampp/htdocs/woo_wordpress/wp-content/plugins/woocommerce/includes/admin/meta-boxes/views/html-product-data-panel.php(51): WC_Meta_Box_Product_Data::output_tabs()
#6 /opt/lampp/htdocs/woo_wordpr in /opt/lampp/htdocs/woo_wordpress/wp-content/plugins/wholesale/admin/class-wholesale-admin.php on line 364

2021-01-21T08:02:11+00:00 CRITICAL Uncaught Error: Call to a member function get_sale_price() on null in /opt/lampp/htdocs/woo_wordpress/wp-content/plugins/wholesale/admin/class-wholesale-admin.php:365
Stack trace:
#0 /opt/lampp/htdocs/woo_wordpress/wp-includes/class-wp-hook.php(287): Wholesale_Admin->ced_display_wholesale_field('')
#1 /opt/lampp/htdocs/woo_wordpress/wp-includes/class-wp-hook.php(311): WP_Hook->apply_filters('', Array)
#2 /opt/lampp/htdocs/woo_wordpress/wp-includes/plugin.php(484): WP_Hook->do_action(Array)
#3 /opt/lampp/htdocs/woo_wordpress/wp-content/plugins/woocommerce/includes/admin/meta-boxes/views/html-product-data-general.php(71): do_action('woocommerce_pro...')
#4 /opt/lampp/htdocs/woo_wordpress/wp-content/plugins/woocommerce/includes/admin/meta-boxes/class-wc-meta-box-product-data.php(42): include('/opt/lampp/htdo...')
#5 /opt/lampp/htdocs/woo_wordpress/wp-content/plugins/woocommerce/includes/admin/meta-boxes/views/html-product-data-panel.php(51): WC_Meta_Box_Product_Data::output_tabs()
#6 /opt/lampp/htdocs/woo_wordpr in /opt/lampp/htdocs/woo_wordpress/wp-content/plugins/wholesale/admin/class-wholesale-admin.php on line 365

2021-01-21T08:08:07+00:00 CRITICAL Uncaught Error: Call to a member function get_sale_price() on null in /opt/lampp/htdocs/woo_wordpress/wp-content/plugins/wholesale/admin/class-wholesale-admin.php:365
Stack trace:
#0 /opt/lampp/htdocs/woo_wordpress/wp-includes/class-wp-hook.php(287): Wholesale_Admin->ced_display_wholesale_field('')
#1 /opt/lampp/htdocs/woo_wordpress/wp-includes/class-wp-hook.php(311): WP_Hook->apply_filters('', Array)
#2 /opt/lampp/htdocs/woo_wordpress/wp-includes/plugin.php(484): WP_Hook->do_action(Array)
#3 /opt/lampp/htdocs/woo_wordpress/wp-content/plugins/woocommerce/includes/admin/meta-boxes/views/html-product-data-general.php(71): do_action('woocommerce_pro...')
#4 /opt/lampp/htdocs/woo_wordpress/wp-content/plugins/woocommerce/includes/admin/meta-boxes/class-wc-meta-box-product-data.php(42): include('/opt/lampp/htdo...')
#5 /opt/lampp/htdocs/woo_wordpress/wp-content/plugins/woocommerce/includes/admin/meta-boxes/views/html-product-data-panel.php(51): WC_Meta_Box_Product_Data::output_tabs()
#6 /opt/lampp/htdocs/woo_wordpr in /opt/lampp/htdocs/woo_wordpress/wp-content/plugins/wholesale/admin/class-wholesale-admin.php on line 365

