2021-01-20T06:16:48+00:00 CRITICAL Uncaught Error: Call to undefined function get_stock_quantity() in /opt/lampp/htdocs/woo_wordpress/wp-content/plugins/badge/admin/class-badge-admin.php:173
Stack trace:
#0 /opt/lampp/htdocs/woo_wordpress/wp-includes/class-wp-hook.php(287): Badge_Admin->bbloomer_display_badge_if_checkbox('')
#1 /opt/lampp/htdocs/woo_wordpress/wp-includes/class-wp-hook.php(311): WP_Hook->apply_filters(NULL, Array)
#2 /opt/lampp/htdocs/woo_wordpress/wp-includes/plugin.php(484): WP_Hook->do_action(Array)
#3 /opt/lampp/htdocs/woo_wordpress/wp-content/plugins/woocommerce/templates/content-single-product.php(60): do_action('woocommerce_sin...')
#4 /opt/lampp/htdocs/woo_wordpress/wp-includes/template.php(732): require('/opt/lampp/htdo...')
#5 /opt/lampp/htdocs/woo_wordpress/wp-content/plugins/woocommerce/includes/wc-core-functions.php(284): load_template('/opt/lampp/htdo...', false)
#6 /opt/lampp/htdocs/woo_wordpress/wp-content/plugins/woocommerce/templates/single-product.php(37): wc_get_template_part('content', 'single-product')
#7  in /opt/lampp/htdocs/woo_wordpress/wp-content/plugins/badge/admin/class-badge-admin.php on line 173

2021-01-20T06:35:16+00:00 CRITICAL Uncaught Error: Call to undefined function get_stock_quantity() in /opt/lampp/htdocs/woo_wordpress/wp-content/plugins/badge/admin/class-badge-admin.php:170
Stack trace:
#0 /opt/lampp/htdocs/woo_wordpress/wp-includes/class-wp-hook.php(287): Badge_Admin->bbloomer_display_badge_if_checkbox('')
#1 /opt/lampp/htdocs/woo_wordpress/wp-includes/class-wp-hook.php(311): WP_Hook->apply_filters(NULL, Array)
#2 /opt/lampp/htdocs/woo_wordpress/wp-includes/plugin.php(484): WP_Hook->do_action(Array)
#3 /opt/lampp/htdocs/woo_wordpress/wp-content/plugins/woocommerce/templates/content-single-product.php(60): do_action('woocommerce_sin...')
#4 /opt/lampp/htdocs/woo_wordpress/wp-includes/template.php(732): require('/opt/lampp/htdo...')
#5 /opt/lampp/htdocs/woo_wordpress/wp-content/plugins/woocommerce/includes/wc-core-functions.php(284): load_template('/opt/lampp/htdo...', false)
#6 /opt/lampp/htdocs/woo_wordpress/wp-content/plugins/woocommerce/templates/single-product.php(37): wc_get_template_part('content', 'single-product')
#7  in /opt/lampp/htdocs/woo_wordpress/wp-content/plugins/badge/admin/class-badge-admin.php on line 170

2021-01-20T06:35:38+00:00 CRITICAL Uncaught Error: Call to undefined function get_stock_quantity() in /opt/lampp/htdocs/woo_wordpress/wp-content/plugins/badge/admin/class-badge-admin.php:170
Stack trace:
#0 /opt/lampp/htdocs/woo_wordpress/wp-includes/class-wp-hook.php(287): Badge_Admin->bbloomer_display_badge_if_checkbox('')
#1 /opt/lampp/htdocs/woo_wordpress/wp-includes/class-wp-hook.php(311): WP_Hook->apply_filters(NULL, Array)
#2 /opt/lampp/htdocs/woo_wordpress/wp-includes/plugin.php(484): WP_Hook->do_action(Array)
#3 /opt/lampp/htdocs/woo_wordpress/wp-content/plugins/woocommerce/templates/content-single-product.php(60): do_action('woocommerce_sin...')
#4 /opt/lampp/htdocs/woo_wordpress/wp-includes/template.php(732): require('/opt/lampp/htdo...')
#5 /opt/lampp/htdocs/woo_wordpress/wp-content/plugins/woocommerce/includes/wc-core-functions.php(284): load_template('/opt/lampp/htdo...', false)
#6 /opt/lampp/htdocs/woo_wordpress/wp-content/plugins/woocommerce/templates/single-product.php(37): wc_get_template_part('content', 'single-product')
#7  in /opt/lampp/htdocs/woo_wordpress/wp-content/plugins/badge/admin/class-badge-admin.php on line 170

2021-01-20T06:35:39+00:00 CRITICAL Uncaught Error: Call to undefined function get_stock_quantity() in /opt/lampp/htdocs/woo_wordpress/wp-content/plugins/badge/admin/class-badge-admin.php:170
Stack trace:
#0 /opt/lampp/htdocs/woo_wordpress/wp-includes/class-wp-hook.php(287): Badge_Admin->bbloomer_display_badge_if_checkbox('')
#1 /opt/lampp/htdocs/woo_wordpress/wp-includes/class-wp-hook.php(311): WP_Hook->apply_filters(NULL, Array)
#2 /opt/lampp/htdocs/woo_wordpress/wp-includes/plugin.php(484): WP_Hook->do_action(Array)
#3 /opt/lampp/htdocs/woo_wordpress/wp-content/plugins/woocommerce/templates/content-single-product.php(60): do_action('woocommerce_sin...')
#4 /opt/lampp/htdocs/woo_wordpress/wp-includes/template.php(732): require('/opt/lampp/htdo...')
#5 /opt/lampp/htdocs/woo_wordpress/wp-content/plugins/woocommerce/includes/wc-core-functions.php(284): load_template('/opt/lampp/htdo...', false)
#6 /opt/lampp/htdocs/woo_wordpress/wp-content/plugins/woocommerce/templates/single-product.php(37): wc_get_template_part('content', 'single-product')
#7  in /opt/lampp/htdocs/woo_wordpress/wp-content/plugins/badge/admin/class-badge-admin.php on line 170

2021-01-20T07:57:48+00:00 CRITICAL Uncaught Error: Call to a member function get_checkout_fields() on null in /opt/lampp/htdocs/woo_wordpress/wp-content/plugins/badge/public/class-badge-public.php:151
Stack trace:
#0 /opt/lampp/htdocs/woo_wordpress/wp-includes/class-wp-hook.php(287): Badge_Public->ced_billing_form(Object(WC_Checkout))
#1 /opt/lampp/htdocs/woo_wordpress/wp-includes/class-wp-hook.php(311): WP_Hook->apply_filters('', Array)
#2 /opt/lampp/htdocs/woo_wordpress/wp-includes/plugin.php(484): WP_Hook->do_action(Array)
#3 /opt/lampp/htdocs/woo_wordpress/wp-content/plugins/woocommerce/templates/checkout/form-billing.php(44): do_action('woocommerce_aft...', Object(WC_Checkout))
#4 /opt/lampp/htdocs/woo_wordpress/wp-content/plugins/woocommerce/includes/wc-core-functions.php(345): include('/opt/lampp/htdo...')
#5 /opt/lampp/htdocs/woo_wordpress/wp-content/plugins/woocommerce/includes/class-wc-checkout.php(294): wc_get_template('checkout/form-b...', Array)
#6 /opt/lampp/htdocs/woo_wordpress/wp-includes/class-wp-hook.php(287): WC_Checkout->ch in /opt/lampp/htdocs/woo_wordpress/wp-content/plugins/badge/public/class-badge-public.php on line 151

2021-01-20T07:58:42+00:00 CRITICAL Uncaught Error: Call to a member function get_checkout_fields() on null in /opt/lampp/htdocs/woo_wordpress/wp-content/plugins/badge/public/class-badge-public.php:151
Stack trace:
#0 /opt/lampp/htdocs/woo_wordpress/wp-includes/class-wp-hook.php(287): Badge_Public->ced_billing_form(Object(WC_Checkout))
#1 /opt/lampp/htdocs/woo_wordpress/wp-includes/class-wp-hook.php(311): WP_Hook->apply_filters('', Array)
#2 /opt/lampp/htdocs/woo_wordpress/wp-includes/plugin.php(484): WP_Hook->do_action(Array)
#3 /opt/lampp/htdocs/woo_wordpress/wp-content/plugins/woocommerce/templates/checkout/form-billing.php(44): do_action('woocommerce_aft...', Object(WC_Checkout))
#4 /opt/lampp/htdocs/woo_wordpress/wp-content/plugins/woocommerce/includes/wc-core-functions.php(345): include('/opt/lampp/htdo...')
#5 /opt/lampp/htdocs/woo_wordpress/wp-content/plugins/woocommerce/includes/class-wc-checkout.php(294): wc_get_template('checkout/form-b...', Array)
#6 /opt/lampp/htdocs/woo_wordpress/wp-includes/class-wp-hook.php(287): WC_Checkout->ch in /opt/lampp/htdocs/woo_wordpress/wp-content/plugins/badge/public/class-badge-public.php on line 151

2021-01-20T08:00:41+00:00 CRITICAL Uncaught Error: Call to a member function get_checkout_fields() on null in /opt/lampp/htdocs/woo_wordpress/wp-content/plugins/badge/public/class-badge-public.php:151
Stack trace:
#0 /opt/lampp/htdocs/woo_wordpress/wp-includes/class-wp-hook.php(287): Badge_Public->ced_billing_form(Object(WC_Checkout))
#1 /opt/lampp/htdocs/woo_wordpress/wp-includes/class-wp-hook.php(311): WP_Hook->apply_filters('', Array)
#2 /opt/lampp/htdocs/woo_wordpress/wp-includes/plugin.php(484): WP_Hook->do_action(Array)
#3 /opt/lampp/htdocs/woo_wordpress/wp-content/plugins/woocommerce/templates/checkout/form-billing.php(32): do_action('woocommerce_bef...', Object(WC_Checkout))
#4 /opt/lampp/htdocs/woo_wordpress/wp-content/plugins/woocommerce/includes/wc-core-functions.php(345): include('/opt/lampp/htdo...')
#5 /opt/lampp/htdocs/woo_wordpress/wp-content/plugins/woocommerce/includes/class-wc-checkout.php(294): wc_get_template('checkout/form-b...', Array)
#6 /opt/lampp/htdocs/woo_wordpress/wp-includes/class-wp-hook.php(287): WC_Checkout->ch in /opt/lampp/htdocs/woo_wordpress/wp-content/plugins/badge/public/class-badge-public.php on line 151

2021-01-20T08:01:28+00:00 CRITICAL Uncaught Error: Call to a member function get_checkout_fields() on null in /opt/lampp/htdocs/woo_wordpress/wp-content/plugins/badge/public/class-badge-public.php:134
Stack trace:
#0 /opt/lampp/htdocs/woo_wordpress/wp-includes/class-wp-hook.php(287): Badge_Public->ced_billing_form(Object(WC_Checkout))
#1 /opt/lampp/htdocs/woo_wordpress/wp-includes/class-wp-hook.php(311): WP_Hook->apply_filters('', Array)
#2 /opt/lampp/htdocs/woo_wordpress/wp-includes/plugin.php(484): WP_Hook->do_action(Array)
#3 /opt/lampp/htdocs/woo_wordpress/wp-content/plugins/woocommerce/templates/checkout/form-billing.php(32): do_action('woocommerce_bef...', Object(WC_Checkout))
#4 /opt/lampp/htdocs/woo_wordpress/wp-content/plugins/woocommerce/includes/wc-core-functions.php(345): include('/opt/lampp/htdo...')
#5 /opt/lampp/htdocs/woo_wordpress/wp-content/plugins/woocommerce/includes/class-wc-checkout.php(294): wc_get_template('checkout/form-b...', Array)
#6 /opt/lampp/htdocs/woo_wordpress/wp-includes/class-wp-hook.php(287): WC_Checkout->ch in /opt/lampp/htdocs/woo_wordpress/wp-content/plugins/badge/public/class-badge-public.php on line 134

2021-01-20T08:02:08+00:00 CRITICAL Uncaught Error: Call to a member function get_checkout_fields() on null in /opt/lampp/htdocs/woo_wordpress/wp-content/plugins/badge/public/class-badge-public.php:134
Stack trace:
#0 /opt/lampp/htdocs/woo_wordpress/wp-includes/class-wp-hook.php(287): Badge_Public->ced_billing_form(Object(WC_Checkout))
#1 /opt/lampp/htdocs/woo_wordpress/wp-includes/class-wp-hook.php(311): WP_Hook->apply_filters('', Array)
#2 /opt/lampp/htdocs/woo_wordpress/wp-includes/plugin.php(484): WP_Hook->do_action(Array)
#3 /opt/lampp/htdocs/woo_wordpress/wp-content/plugins/woocommerce/templates/checkout/form-billing.php(32): do_action('woocommerce_bef...', Object(WC_Checkout))
#4 /opt/lampp/htdocs/woo_wordpress/wp-content/plugins/woocommerce/includes/wc-core-functions.php(345): include('/opt/lampp/htdo...')
#5 /opt/lampp/htdocs/woo_wordpress/wp-content/plugins/woocommerce/includes/class-wc-checkout.php(294): wc_get_template('checkout/form-b...', Array)
#6 /opt/lampp/htdocs/woo_wordpress/wp-includes/class-wp-hook.php(287): WC_Checkout->ch in /opt/lampp/htdocs/woo_wordpress/wp-content/plugins/badge/public/class-badge-public.php on line 134

2021-01-20T08:07:05+00:00 CRITICAL Uncaught Error: Call to a member function get_checkout_fields() on null in /opt/lampp/htdocs/woo_wordpress/wp-content/plugins/badge/public/class-badge-public.php:136
Stack trace:
#0 /opt/lampp/htdocs/woo_wordpress/wp-includes/class-wp-hook.php(287): Badge_Public->ced_billing_form(Array)
#1 /opt/lampp/htdocs/woo_wordpress/wp-includes/plugin.php(212): WP_Hook->apply_filters(Array, Array)
#2 /opt/lampp/htdocs/woo_wordpress/wp-content/plugins/woocommerce/includes/class-wc-checkout.php(265): apply_filters('woocommerce_che...', Array)
#3 /opt/lampp/htdocs/woo_wordpress/wp-content/plugins/woocommerce/templates/checkout/form-checkout.php(34): WC_Checkout->get_checkout_fields()
#4 /opt/lampp/htdocs/woo_wordpress/wp-content/plugins/woocommerce/includes/wc-core-functions.php(345): include('/opt/lampp/htdo...')
#5 /opt/lampp/htdocs/woo_wordpress/wp-content/plugins/woocommerce/includes/shortcodes/class-wc-shortcode-checkout.php(293): wc_get_template('checkout/form-c...', Array)
#6 /opt/lampp/htdocs/woo_wordpress/wp-conten in /opt/lampp/htdocs/woo_wordpress/wp-content/plugins/badge/public/class-badge-public.php on line 136

2021-01-20T10:33:38+00:00 CRITICAL Uncaught Error: Call to undefined function myplugin_plugin_path() in /opt/lampp/htdocs/woo_wordpress/wp-content/plugins/badge/public/class-badge-public.php:162
Stack trace:
#0 /opt/lampp/htdocs/woo_wordpress/wp-includes/class-wp-hook.php(287): Badge_Public->myplugin_woocommerce_locate_template('/opt/lampp/htdo...', 'product-searchf...', 'woocommerce/')
#1 /opt/lampp/htdocs/woo_wordpress/wp-includes/plugin.php(212): WP_Hook->apply_filters('/opt/lampp/htdo...', Array)
#2 /opt/lampp/htdocs/woo_wordpress/wp-content/plugins/woocommerce/includes/wc-core-functions.php(420): apply_filters('woocommerce_loc...', '/opt/lampp/htdo...', 'product-searchf...', 'woocommerce/')
#3 /opt/lampp/htdocs/woo_wordpress/wp-content/plugins/woocommerce/includes/wc-core-functions.php(301): wc_locate_template('product-searchf...', 'woocommerce/', '/opt/lampp/htdo...')
#4 /opt/lampp/htdocs/woo_wordpress/wp-content/plugins/woocommerce/includes/wc-template-functions.php(2925): wc_get_template('product-searchf...', Array)
#5 /opt/lampp/htdoc in /opt/lampp/htdocs/woo_wordpress/wp-content/plugins/badge/public/class-badge-public.php on line 162

2021-01-20T10:33:40+00:00 CRITICAL Uncaught Error: Call to undefined function myplugin_plugin_path() in /opt/lampp/htdocs/woo_wordpress/wp-content/plugins/badge/public/class-badge-public.php:162
Stack trace:
#0 /opt/lampp/htdocs/woo_wordpress/wp-includes/class-wp-hook.php(287): Badge_Public->myplugin_woocommerce_locate_template('/opt/lampp/htdo...', 'product-searchf...', 'woocommerce/')
#1 /opt/lampp/htdocs/woo_wordpress/wp-includes/plugin.php(212): WP_Hook->apply_filters('/opt/lampp/htdo...', Array)
#2 /opt/lampp/htdocs/woo_wordpress/wp-content/plugins/woocommerce/includes/wc-core-functions.php(420): apply_filters('woocommerce_loc...', '/opt/lampp/htdo...', 'product-searchf...', 'woocommerce/')
#3 /opt/lampp/htdocs/woo_wordpress/wp-content/plugins/woocommerce/includes/wc-core-functions.php(301): wc_locate_template('product-searchf...', 'woocommerce/', '/opt/lampp/htdo...')
#4 /opt/lampp/htdocs/woo_wordpress/wp-content/plugins/woocommerce/includes/wc-template-functions.php(2925): wc_get_template('product-searchf...', Array)
#5 /opt/lampp/htdoc in /opt/lampp/htdocs/woo_wordpress/wp-content/plugins/badge/public/class-badge-public.php on line 162

2021-01-20T10:35:07+00:00 CRITICAL Uncaught Error: Call to undefined function myplugin_plugin_path() in /opt/lampp/htdocs/woo_wordpress/wp-content/plugins/badge/public/class-badge-public.php:162
Stack trace:
#0 /opt/lampp/htdocs/woo_wordpress/wp-includes/class-wp-hook.php(287): Badge_Public->myplugin_woocommerce_locate_template('/opt/lampp/htdo...', 'product-searchf...', 'woocommerce/')
#1 /opt/lampp/htdocs/woo_wordpress/wp-includes/plugin.php(212): WP_Hook->apply_filters('/opt/lampp/htdo...', Array)
#2 /opt/lampp/htdocs/woo_wordpress/wp-content/plugins/woocommerce/includes/wc-core-functions.php(420): apply_filters('woocommerce_loc...', '/opt/lampp/htdo...', 'product-searchf...', 'woocommerce/')
#3 /opt/lampp/htdocs/woo_wordpress/wp-content/plugins/woocommerce/includes/wc-core-functions.php(301): wc_locate_template('product-searchf...', 'woocommerce/', '/opt/lampp/htdo...')
#4 /opt/lampp/htdocs/woo_wordpress/wp-content/plugins/woocommerce/includes/wc-template-functions.php(2925): wc_get_template('product-searchf...', Array)
#5 /opt/lampp/htdoc in /opt/lampp/htdocs/woo_wordpress/wp-content/plugins/badge/public/class-badge-public.php on line 162

2021-01-20T10:35:09+00:00 CRITICAL Uncaught Error: Call to undefined function myplugin_plugin_path() in /opt/lampp/htdocs/woo_wordpress/wp-content/plugins/badge/public/class-badge-public.php:162
Stack trace:
#0 /opt/lampp/htdocs/woo_wordpress/wp-includes/class-wp-hook.php(287): Badge_Public->myplugin_woocommerce_locate_template('/opt/lampp/htdo...', 'product-searchf...', 'woocommerce/')
#1 /opt/lampp/htdocs/woo_wordpress/wp-includes/plugin.php(212): WP_Hook->apply_filters('/opt/lampp/htdo...', Array)
#2 /opt/lampp/htdocs/woo_wordpress/wp-content/plugins/woocommerce/includes/wc-core-functions.php(420): apply_filters('woocommerce_loc...', '/opt/lampp/htdo...', 'product-searchf...', 'woocommerce/')
#3 /opt/lampp/htdocs/woo_wordpress/wp-content/plugins/woocommerce/includes/wc-core-functions.php(301): wc_locate_template('product-searchf...', 'woocommerce/', '/opt/lampp/htdo...')
#4 /opt/lampp/htdocs/woo_wordpress/wp-content/plugins/woocommerce/includes/wc-template-functions.php(2925): wc_get_template('product-searchf...', Array)
#5 /opt/lampp/htdoc in /opt/lampp/htdocs/woo_wordpress/wp-content/plugins/badge/public/class-badge-public.php on line 162

2021-01-20T10:35:10+00:00 CRITICAL Uncaught Error: Call to undefined function myplugin_plugin_path() in /opt/lampp/htdocs/woo_wordpress/wp-content/plugins/badge/public/class-badge-public.php:162
Stack trace:
#0 /opt/lampp/htdocs/woo_wordpress/wp-includes/class-wp-hook.php(287): Badge_Public->myplugin_woocommerce_locate_template('/opt/lampp/htdo...', 'product-searchf...', 'woocommerce/')
#1 /opt/lampp/htdocs/woo_wordpress/wp-includes/plugin.php(212): WP_Hook->apply_filters('/opt/lampp/htdo...', Array)
#2 /opt/lampp/htdocs/woo_wordpress/wp-content/plugins/woocommerce/includes/wc-core-functions.php(420): apply_filters('woocommerce_loc...', '/opt/lampp/htdo...', 'product-searchf...', 'woocommerce/')
#3 /opt/lampp/htdocs/woo_wordpress/wp-content/plugins/woocommerce/includes/wc-core-functions.php(301): wc_locate_template('product-searchf...', 'woocommerce/', '/opt/lampp/htdo...')
#4 /opt/lampp/htdocs/woo_wordpress/wp-content/plugins/woocommerce/includes/wc-template-functions.php(2925): wc_get_template('product-searchf...', Array)
#5 /opt/lampp/htdoc in /opt/lampp/htdocs/woo_wordpress/wp-content/plugins/badge/public/class-badge-public.php on line 162

