2021-01-23T08:30:01+00:00 CRITICAL Uncaught ArgumentCountError: Too few arguments to function Wholesale_Public::ced_display_wholesale_price_variation_product(), 1 passed in /opt/lampp/htdocs/woo_wordpress/wp-includes/class-wp-hook.php on line 289 and exactly 3 expected in /opt/lampp/htdocs/woo_wordpress/wp-content/plugins/wholesale/public/class-wholesale-public.php:223
Stack trace:
#0 /opt/lampp/htdocs/woo_wordpress/wp-includes/class-wp-hook.php(289): Wholesale_Public->ced_display_wholesale_price_variation_product(Array)
#1 /opt/lampp/htdocs/woo_wordpress/wp-includes/plugin.php(212): WP_Hook->apply_filters(Array, Array)
#2 /opt/lampp/htdocs/woo_wordpress/wp-content/plugins/woocommerce/includes/class-wc-product-variable.php(392): apply_filters('woocommerce_ava...', Array, Object(WC_Product_Variable), Object(WC_Product_Variation))
#3 /opt/lampp/htdocs/woo_wordpress/wp-content/plugins/woocommerce/includes/class-wc-product-variable.php(312): WC_Product_Variable->get_available_variation(Object(WC_Product_Variation))
#4 /opt/lampp/htdocs/woo_wordpre in /opt/lampp/htdocs/woo_wordpress/wp-content/plugins/wholesale/public/class-wholesale-public.php on line 223

2021-01-23T08:31:00+00:00 CRITICAL Uncaught ArgumentCountError: Too few arguments to function Wholesale_Public::ced_display_wholesale_price_variation_product(), 1 passed in /opt/lampp/htdocs/woo_wordpress/wp-includes/class-wp-hook.php on line 289 and exactly 3 expected in /opt/lampp/htdocs/woo_wordpress/wp-content/plugins/wholesale/public/class-wholesale-public.php:223
Stack trace:
#0 /opt/lampp/htdocs/woo_wordpress/wp-includes/class-wp-hook.php(289): Wholesale_Public->ced_display_wholesale_price_variation_product(Array)
#1 /opt/lampp/htdocs/woo_wordpress/wp-includes/plugin.php(212): WP_Hook->apply_filters(Array, Array)
#2 /opt/lampp/htdocs/woo_wordpress/wp-content/plugins/woocommerce/includes/class-wc-product-variable.php(392): apply_filters('woocommerce_ava...', Array, Object(WC_Product_Variable), Object(WC_Product_Variation))
#3 /opt/lampp/htdocs/woo_wordpress/wp-content/plugins/woocommerce/includes/class-wc-product-variable.php(312): WC_Product_Variable->get_available_variation(Object(WC_Product_Variation))
#4 /opt/lampp/htdocs/woo_wordpre in /opt/lampp/htdocs/woo_wordpress/wp-content/plugins/wholesale/public/class-wholesale-public.php on line 223

2021-01-23T08:31:03+00:00 CRITICAL Uncaught ArgumentCountError: Too few arguments to function Wholesale_Public::ced_display_wholesale_price_variation_product(), 1 passed in /opt/lampp/htdocs/woo_wordpress/wp-includes/class-wp-hook.php on line 289 and exactly 3 expected in /opt/lampp/htdocs/woo_wordpress/wp-content/plugins/wholesale/public/class-wholesale-public.php:223
Stack trace:
#0 /opt/lampp/htdocs/woo_wordpress/wp-includes/class-wp-hook.php(289): Wholesale_Public->ced_display_wholesale_price_variation_product(Array)
#1 /opt/lampp/htdocs/woo_wordpress/wp-includes/plugin.php(212): WP_Hook->apply_filters(Array, Array)
#2 /opt/lampp/htdocs/woo_wordpress/wp-content/plugins/woocommerce/includes/class-wc-product-variable.php(392): apply_filters('woocommerce_ava...', Array, Object(WC_Product_Variable), Object(WC_Product_Variation))
#3 /opt/lampp/htdocs/woo_wordpress/wp-content/plugins/woocommerce/includes/class-wc-product-variable.php(312): WC_Product_Variable->get_available_variation(Object(WC_Product_Variation))
#4 /opt/lampp/htdocs/woo_wordpre in /opt/lampp/htdocs/woo_wordpress/wp-content/plugins/wholesale/public/class-wholesale-public.php on line 223

2021-01-23T08:32:02+00:00 CRITICAL Uncaught ArgumentCountError: Too few arguments to function Wholesale_Public::ced_display_wholesale_price_variation_product(), 1 passed in /opt/lampp/htdocs/woo_wordpress/wp-includes/class-wp-hook.php on line 289 and exactly 3 expected in /opt/lampp/htdocs/woo_wordpress/wp-content/plugins/wholesale/public/class-wholesale-public.php:223
Stack trace:
#0 /opt/lampp/htdocs/woo_wordpress/wp-includes/class-wp-hook.php(289): Wholesale_Public->ced_display_wholesale_price_variation_product(Array)
#1 /opt/lampp/htdocs/woo_wordpress/wp-includes/plugin.php(212): WP_Hook->apply_filters(Array, Array)
#2 /opt/lampp/htdocs/woo_wordpress/wp-content/plugins/woocommerce/includes/class-wc-product-variable.php(392): apply_filters('woocommerce_ava...', Array, Object(WC_Product_Variable), Object(WC_Product_Variation))
#3 /opt/lampp/htdocs/woo_wordpress/wp-content/plugins/woocommerce/includes/class-wc-product-variable.php(312): WC_Product_Variable->get_available_variation(Object(WC_Product_Variation))
#4 /opt/lampp/htdocs/woo_wordpre in /opt/lampp/htdocs/woo_wordpress/wp-content/plugins/wholesale/public/class-wholesale-public.php on line 223

2021-01-23T09:33:28+00:00 CRITICAL Uncaught ArgumentCountError: Too few arguments to function Wholesale_Admin::ced_variation_display_wholesale_field(), 1 passed in /opt/lampp/htdocs/woo_wordpress/wp-includes/class-wp-hook.php on line 289 and exactly 3 expected in /opt/lampp/htdocs/woo_wordpress/wp-content/plugins/wholesale/admin/class-wholesale-admin.php:407
Stack trace:
#0 /opt/lampp/htdocs/woo_wordpress/wp-includes/class-wp-hook.php(289): Wholesale_Admin->ced_variation_display_wholesale_field(0)
#1 /opt/lampp/htdocs/woo_wordpress/wp-includes/class-wp-hook.php(311): WP_Hook->apply_filters('', Array)
#2 /opt/lampp/htdocs/woo_wordpress/wp-includes/plugin.php(484): WP_Hook->do_action(Array)
#3 /opt/lampp/htdocs/woo_wordpress/wp-content/plugins/woocommerce/includes/admin/meta-boxes/views/html-variation-admin.php(108): do_action('woocommerce_var...', 0, Array, Object(WP_Post))
#4 /opt/lampp/htdocs/woo_wordpress/wp-content/plugins/woocommerce/includes/class-wc-ajax.php(2111): include('/opt/lampp/htdo...')
#5 /opt/lampp/htdocs/woo_wordpress/wp-inclu in /opt/lampp/htdocs/woo_wordpress/wp-content/plugins/wholesale/admin/class-wholesale-admin.php on line 407

2021-01-23T09:36:00+00:00 CRITICAL Uncaught ArgumentCountError: Too few arguments to function Wholesale_Admin::woocommerce_variation_custom_fields_save(), 1 passed in /opt/lampp/htdocs/woo_wordpress/wp-includes/class-wp-hook.php on line 289 and exactly 2 expected in /opt/lampp/htdocs/woo_wordpress/wp-content/plugins/wholesale/admin/class-wholesale-admin.php:436
Stack trace:
#0 /opt/lampp/htdocs/woo_wordpress/wp-includes/class-wp-hook.php(289): Wholesale_Admin->woocommerce_variation_custom_fields_save(11)
#1 /opt/lampp/htdocs/woo_wordpress/wp-includes/class-wp-hook.php(311): WP_Hook->apply_filters(NULL, Array)
#2 /opt/lampp/htdocs/woo_wordpress/wp-includes/plugin.php(484): WP_Hook->do_action(Array)
#3 /opt/lampp/htdocs/woo_wordpress/wp-content/plugins/woocommerce/includes/admin/class-wc-admin-meta-boxes.php(222): do_action('woocommerce_pro...', 11, Object(WP_Post))
#4 /opt/lampp/htdocs/woo_wordpress/wp-includes/class-wp-hook.php(289): WC_Admin_Meta_Boxes->save_meta_boxes(11, Object(WP_Post))
#5 /opt/lampp/htdocs/woo_wordpress/wp-includes/class- in /opt/lampp/htdocs/woo_wordpress/wp-content/plugins/wholesale/admin/class-wholesale-admin.php on line 436

2021-01-23T11:28:10+00:00 CRITICAL Uncaught ArgumentCountError: Too few arguments to function Wholesale_Public::ced_display_wholesale_price_variation_product(), 1 passed in /opt/lampp/htdocs/woo_wordpress/wp-includes/class-wp-hook.php on line 287 and exactly 3 expected in /opt/lampp/htdocs/woo_wordpress/wp-content/plugins/wholesale/public/class-wholesale-public.php:217
Stack trace:
#0 /opt/lampp/htdocs/woo_wordpress/wp-includes/class-wp-hook.php(287): Wholesale_Public->ced_display_wholesale_price_variation_product(Object(WC_Cart))
#1 /opt/lampp/htdocs/woo_wordpress/wp-includes/class-wp-hook.php(311): WP_Hook->apply_filters('', Array)
#2 /opt/lampp/htdocs/woo_wordpress/wp-includes/plugin.php(484): WP_Hook->do_action(Array)
#3 /opt/lampp/htdocs/woo_wordpress/wp-content/plugins/woocommerce/includes/class-wc-cart.php(1367): do_action('woocommerce_bef...', Object(WC_Cart))
#4 /opt/lampp/htdocs/woo_wordpress/wp-includes/class-wp-hook.php(285): WC_Cart->calculate_totals()
#5 /opt/lampp/htdocs/woo_wordpress/wp-includes/class-wp-hook.php(311): WP_Hook- in /opt/lampp/htdocs/woo_wordpress/wp-content/plugins/wholesale/public/class-wholesale-public.php on line 217

2021-01-23T12:08:00+00:00 CRITICAL Uncaught Error: Call to undefined method WC_Cart::get_ID() in /opt/lampp/htdocs/woo_wordpress/wp-content/plugins/wholesale/public/class-wholesale-public.php:268
Stack trace:
#0 /opt/lampp/htdocs/woo_wordpress/wp-includes/class-wp-hook.php(287): Wholesale_Public->ced_add_to_cart(Object(WC_Cart))
#1 /opt/lampp/htdocs/woo_wordpress/wp-includes/class-wp-hook.php(311): WP_Hook->apply_filters('', Array)
#2 /opt/lampp/htdocs/woo_wordpress/wp-includes/plugin.php(484): WP_Hook->do_action(Array)
#3 /opt/lampp/htdocs/woo_wordpress/wp-content/plugins/woocommerce/includes/class-wc-cart.php(1367): do_action('woocommerce_bef...', Object(WC_Cart))
#4 /opt/lampp/htdocs/woo_wordpress/wp-content/plugins/woocommerce/includes/shortcodes/class-wc-shortcode-cart.php(94): WC_Cart->calculate_totals()
#5 /opt/lampp/htdocs/woo_wordpress/wp-content/plugins/woocommerce/includes/class-wc-shortcodes.php(72): WC_Shortcode_Cart::output(Array)
#6 /opt/lampp/htdocs/woo_wordpress/wp-content/plugins/woocommerce/includes/class-wc-shortcodes.php(8 in /opt/lampp/htdocs/woo_wordpress/wp-content/plugins/wholesale/public/class-wholesale-public.php on line 268

2021-01-23T12:08:15+00:00 CRITICAL Uncaught Error: Call to undefined method WC_Cart::get_the_ID() in /opt/lampp/htdocs/woo_wordpress/wp-content/plugins/wholesale/public/class-wholesale-public.php:268
Stack trace:
#0 /opt/lampp/htdocs/woo_wordpress/wp-includes/class-wp-hook.php(287): Wholesale_Public->ced_add_to_cart(Object(WC_Cart))
#1 /opt/lampp/htdocs/woo_wordpress/wp-includes/class-wp-hook.php(311): WP_Hook->apply_filters('', Array)
#2 /opt/lampp/htdocs/woo_wordpress/wp-includes/plugin.php(484): WP_Hook->do_action(Array)
#3 /opt/lampp/htdocs/woo_wordpress/wp-content/plugins/woocommerce/includes/class-wc-cart.php(1367): do_action('woocommerce_bef...', Object(WC_Cart))
#4 /opt/lampp/htdocs/woo_wordpress/wp-content/plugins/woocommerce/includes/shortcodes/class-wc-shortcode-cart.php(94): WC_Cart->calculate_totals()
#5 /opt/lampp/htdocs/woo_wordpress/wp-content/plugins/woocommerce/includes/class-wc-shortcodes.php(72): WC_Shortcode_Cart::output(Array)
#6 /opt/lampp/htdocs/woo_wordpress/wp-content/plugins/woocommerce/includes/class-wc-shortcodes.p in /opt/lampp/htdocs/woo_wordpress/wp-content/plugins/wholesale/public/class-wholesale-public.php on line 268

2021-01-23T12:14:36+00:00 CRITICAL Uncaught Error: Cannot use object of type WC_Cart as array in /opt/lampp/htdocs/woo_wordpress/wp-content/plugins/wholesale/public/class-wholesale-public.php:269
Stack trace:
#0 /opt/lampp/htdocs/woo_wordpress/wp-includes/class-wp-hook.php(287): Wholesale_Public->ced_add_to_cart(Object(WC_Cart))
#1 /opt/lampp/htdocs/woo_wordpress/wp-includes/class-wp-hook.php(311): WP_Hook->apply_filters('', Array)
#2 /opt/lampp/htdocs/woo_wordpress/wp-includes/plugin.php(484): WP_Hook->do_action(Array)
#3 /opt/lampp/htdocs/woo_wordpress/wp-content/plugins/woocommerce/includes/class-wc-cart.php(1367): do_action('woocommerce_bef...', Object(WC_Cart))
#4 /opt/lampp/htdocs/woo_wordpress/wp-content/plugins/woocommerce/includes/shortcodes/class-wc-shortcode-cart.php(94): WC_Cart->calculate_totals()
#5 /opt/lampp/htdocs/woo_wordpress/wp-content/plugins/woocommerce/includes/class-wc-shortcodes.php(72): WC_Shortcode_Cart::output(Array)
#6 /opt/lampp/htdocs/woo_wordpress/wp-content/plugins/woocommerce/includes/class-wc-shortcodes.php(8 in /opt/lampp/htdocs/woo_wordpress/wp-content/plugins/wholesale/public/class-wholesale-public.php on line 269

2021-01-23T12:20:03+00:00 CRITICAL Uncaught Error: Call to a member function get_type() on null in /opt/lampp/htdocs/woo_wordpress/wp-content/plugins/wholesale/public/class-wholesale-public.php:266
Stack trace:
#0 /opt/lampp/htdocs/woo_wordpress/wp-includes/class-wp-hook.php(287): Wholesale_Public->ced_add_to_cart(Object(WC_Cart))
#1 /opt/lampp/htdocs/woo_wordpress/wp-includes/class-wp-hook.php(311): WP_Hook->apply_filters('', Array)
#2 /opt/lampp/htdocs/woo_wordpress/wp-includes/plugin.php(484): WP_Hook->do_action(Array)
#3 /opt/lampp/htdocs/woo_wordpress/wp-content/plugins/woocommerce/includes/class-wc-cart.php(1367): do_action('woocommerce_bef...', Object(WC_Cart))
#4 /opt/lampp/htdocs/woo_wordpress/wp-content/plugins/woocommerce/includes/shortcodes/class-wc-shortcode-cart.php(94): WC_Cart->calculate_totals()
#5 /opt/lampp/htdocs/woo_wordpress/wp-content/plugins/woocommerce/includes/class-wc-shortcodes.php(72): WC_Shortcode_Cart::output(Array)
#6 /opt/lampp/htdocs/woo_wordpress/wp-content/plugins/woocommerce/includes/class-wc-shortcodes.php in /opt/lampp/htdocs/woo_wordpress/wp-content/plugins/wholesale/public/class-wholesale-public.php on line 266

2021-01-23T13:09:00+00:00 CRITICAL Uncaught Error: Call to a member function get_type() on null in /opt/lampp/htdocs/woo_wordpress/wp-content/plugins/wholesale/public/class-wholesale-public.php:267
Stack trace:
#0 /opt/lampp/htdocs/woo_wordpress/wp-includes/class-wp-hook.php(287): Wholesale_Public->ced_add_to_cart(Object(WC_Cart))
#1 /opt/lampp/htdocs/woo_wordpress/wp-includes/class-wp-hook.php(311): WP_Hook->apply_filters('', Array)
#2 /opt/lampp/htdocs/woo_wordpress/wp-includes/plugin.php(484): WP_Hook->do_action(Array)
#3 /opt/lampp/htdocs/woo_wordpress/wp-content/plugins/woocommerce/includes/class-wc-cart.php(1367): do_action('woocommerce_bef...', Object(WC_Cart))
#4 /opt/lampp/htdocs/woo_wordpress/wp-content/plugins/woocommerce/includes/shortcodes/class-wc-shortcode-cart.php(94): WC_Cart->calculate_totals()
#5 /opt/lampp/htdocs/woo_wordpress/wp-content/plugins/woocommerce/includes/class-wc-shortcodes.php(72): WC_Shortcode_Cart::output(Array)
#6 /opt/lampp/htdocs/woo_wordpress/wp-content/plugins/woocommerce/includes/class-wc-shortcodes.php in /opt/lampp/htdocs/woo_wordpress/wp-content/plugins/wholesale/public/class-wholesale-public.php on line 267

2021-01-23T13:10:16+00:00 CRITICAL Uncaught Error: Call to a member function get_type() on null in /opt/lampp/htdocs/woo_wordpress/wp-content/plugins/wholesale/public/class-wholesale-public.php:267
Stack trace:
#0 /opt/lampp/htdocs/woo_wordpress/wp-includes/class-wp-hook.php(287): Wholesale_Public->ced_add_to_cart(Object(WC_Cart))
#1 /opt/lampp/htdocs/woo_wordpress/wp-includes/class-wp-hook.php(311): WP_Hook->apply_filters('', Array)
#2 /opt/lampp/htdocs/woo_wordpress/wp-includes/plugin.php(484): WP_Hook->do_action(Array)
#3 /opt/lampp/htdocs/woo_wordpress/wp-content/plugins/woocommerce/includes/class-wc-cart.php(1367): do_action('woocommerce_bef...', Object(WC_Cart))
#4 /opt/lampp/htdocs/woo_wordpress/wp-content/plugins/woocommerce/includes/shortcodes/class-wc-shortcode-cart.php(94): WC_Cart->calculate_totals()
#5 /opt/lampp/htdocs/woo_wordpress/wp-content/plugins/woocommerce/includes/class-wc-shortcodes.php(72): WC_Shortcode_Cart::output(Array)
#6 /opt/lampp/htdocs/woo_wordpress/wp-content/plugins/woocommerce/includes/class-wc-shortcodes.php in /opt/lampp/htdocs/woo_wordpress/wp-content/plugins/wholesale/public/class-wholesale-public.php on line 267

2021-01-23T13:12:12+00:00 CRITICAL Uncaught Error: Call to a member function get_type() on null in /opt/lampp/htdocs/woo_wordpress/wp-content/plugins/wholesale/public/class-wholesale-public.php:267
Stack trace:
#0 /opt/lampp/htdocs/woo_wordpress/wp-includes/class-wp-hook.php(287): Wholesale_Public->ced_add_to_cart(Object(WC_Cart))
#1 /opt/lampp/htdocs/woo_wordpress/wp-includes/class-wp-hook.php(311): WP_Hook->apply_filters('', Array)
#2 /opt/lampp/htdocs/woo_wordpress/wp-includes/plugin.php(484): WP_Hook->do_action(Array)
#3 /opt/lampp/htdocs/woo_wordpress/wp-content/plugins/woocommerce/includes/class-wc-cart.php(1367): do_action('woocommerce_bef...', Object(WC_Cart))
#4 /opt/lampp/htdocs/woo_wordpress/wp-content/plugins/woocommerce/includes/shortcodes/class-wc-shortcode-cart.php(94): WC_Cart->calculate_totals()
#5 /opt/lampp/htdocs/woo_wordpress/wp-content/plugins/woocommerce/includes/class-wc-shortcodes.php(72): WC_Shortcode_Cart::output(Array)
#6 /opt/lampp/htdocs/woo_wordpress/wp-content/plugins/woocommerce/includes/class-wc-shortcodes.php in /opt/lampp/htdocs/woo_wordpress/wp-content/plugins/wholesale/public/class-wholesale-public.php on line 267

2021-01-23T13:40:41+00:00 CRITICAL Uncaught Error: Call to undefined function set_price() in /opt/lampp/htdocs/woo_wordpress/wp-content/plugins/wholesale/public/class-wholesale-public.php:291
Stack trace:
#0 /opt/lampp/htdocs/woo_wordpress/wp-includes/class-wp-hook.php(287): Wholesale_Public->ced_add_to_cart(Object(WC_Cart))
#1 /opt/lampp/htdocs/woo_wordpress/wp-includes/class-wp-hook.php(311): WP_Hook->apply_filters('', Array)
#2 /opt/lampp/htdocs/woo_wordpress/wp-includes/plugin.php(484): WP_Hook->do_action(Array)
#3 /opt/lampp/htdocs/woo_wordpress/wp-content/plugins/woocommerce/includes/class-wc-cart.php(1367): do_action('woocommerce_bef...', Object(WC_Cart))
#4 /opt/lampp/htdocs/woo_wordpress/wp-content/plugins/woocommerce/includes/class-wc-form-handler.php(697): WC_Cart->calculate_totals()
#5 /opt/lampp/htdocs/woo_wordpress/wp-includes/class-wp-hook.php(287): WC_Form_Handler::update_cart_action('')
#6 /opt/lampp/htdocs/woo_wordpress/wp-includes/class-wp-hook.php(311): WP_Hook->apply_filters(NULL, Array)
#7 /opt/lampp/htdocs/woo_wordpress/ in /opt/lampp/htdocs/woo_wordpress/wp-content/plugins/wholesale/public/class-wholesale-public.php on line 291

