2021-01-27T06:34:55+00:00 CRITICAL Uncaught Error: Call to undefined function move_uploaded_files() in /opt/lampp/htdocs/woo_wordpress/wp-content/plugins/importer/admin/class-importer-admin.php:135
Stack trace:
#0 /opt/lampp/htdocs/woo_wordpress/wp-includes/class-wp-hook.php(287): Importer_Admin->ced_custom_admin_menu_content('')
#1 /opt/lampp/htdocs/woo_wordpress/wp-includes/class-wp-hook.php(311): WP_Hook->apply_filters('', Array)
#2 /opt/lampp/htdocs/woo_wordpress/wp-includes/plugin.php(484): WP_Hook->do_action(Array)
#3 /opt/lampp/htdocs/woo_wordpress/wp-admin/admin.php(259): do_action('toplevel_page_i...')
#4 {main}
  thrown in /opt/lampp/htdocs/woo_wordpress/wp-content/plugins/importer/admin/class-importer-admin.php on line 135

2021-01-27T12:59:15+00:00 CRITICAL Uncaught Error: Call to undefined function display() in /opt/lampp/htdocs/woo_wordpress/wp-content/plugins/importer/admin/class-importer-admin.php:213
Stack trace:
#0 /opt/lampp/htdocs/woo_wordpress/wp-includes/class-wp-hook.php(287): Importer_Admin->meta_ajax_data('')
#1 /opt/lampp/htdocs/woo_wordpress/wp-includes/class-wp-hook.php(311): WP_Hook->apply_filters('', Array)
#2 /opt/lampp/htdocs/woo_wordpress/wp-includes/plugin.php(484): WP_Hook->do_action(Array)
#3 /opt/lampp/htdocs/woo_wordpress/wp-admin/admin-ajax.php(184): do_action('wp_ajax_meta_aj...')
#4 {main}
  thrown in /opt/lampp/htdocs/woo_wordpress/wp-content/plugins/importer/admin/class-importer-admin.php on line 213

2021-01-27T13:05:30+00:00 CRITICAL Uncaught Error: Call to undefined function display() in /opt/lampp/htdocs/woo_wordpress/wp-content/plugins/importer/admin/class-importer-admin.php:215
Stack trace:
#0 /opt/lampp/htdocs/woo_wordpress/wp-includes/class-wp-hook.php(287): Importer_Admin->meta_ajax_data('')
#1 /opt/lampp/htdocs/woo_wordpress/wp-includes/class-wp-hook.php(311): WP_Hook->apply_filters('', Array)
#2 /opt/lampp/htdocs/woo_wordpress/wp-includes/plugin.php(484): WP_Hook->do_action(Array)
#3 /opt/lampp/htdocs/woo_wordpress/wp-admin/admin-ajax.php(184): do_action('wp_ajax_meta_aj...')
#4 {main}
  thrown in /opt/lampp/htdocs/woo_wordpress/wp-content/plugins/importer/admin/class-importer-admin.php on line 215

2021-01-27T13:07:20+00:00 CRITICAL Uncaught Error: Call to undefined function display() in /opt/lampp/htdocs/woo_wordpress/wp-content/plugins/importer/admin/class-importer-admin.php:216
Stack trace:
#0 /opt/lampp/htdocs/woo_wordpress/wp-includes/class-wp-hook.php(287): Importer_Admin->meta_ajax_data('')
#1 /opt/lampp/htdocs/woo_wordpress/wp-includes/class-wp-hook.php(311): WP_Hook->apply_filters('', Array)
#2 /opt/lampp/htdocs/woo_wordpress/wp-includes/plugin.php(484): WP_Hook->do_action(Array)
#3 /opt/lampp/htdocs/woo_wordpress/wp-admin/admin-ajax.php(184): do_action('wp_ajax_meta_aj...')
#4 {main}
  thrown in /opt/lampp/htdocs/woo_wordpress/wp-content/plugins/importer/admin/class-importer-admin.php on line 216

2021-01-27T13:27:50+00:00 CRITICAL Uncaught ArgumentCountError: Too few arguments to function Class_list_table::prepare_items(), 0 passed in /opt/lampp/htdocs/woo_wordpress/wp-content/plugins/importer/admin/class-importer-admin.php on line 215 and exactly 1 expected in /opt/lampp/htdocs/woo_wordpress/wp-content/plugins/importer/admin/partials/Class_list_table.php:196
Stack trace:
#0 /opt/lampp/htdocs/woo_wordpress/wp-content/plugins/importer/admin/class-importer-admin.php(215): Class_list_table->prepare_items()
#1 /opt/lampp/htdocs/woo_wordpress/wp-includes/class-wp-hook.php(287): Importer_Admin->meta_ajax_data('')
#2 /opt/lampp/htdocs/woo_wordpress/wp-includes/class-wp-hook.php(311): WP_Hook->apply_filters('', Array)
#3 /opt/lampp/htdocs/woo_wordpress/wp-includes/plugin.php(484): WP_Hook->do_action(Array)
#4 /opt/lampp/htdocs/woo_wordpress/wp-admin/admin-ajax.php(184): do_action('wp_ajax_meta_aj...')
#5 {main}
  thrown in /opt/lampp/htdocs/woo_wordpress/wp-content/plugins/importer/admin/partials/Class_list_table.php on line 196

2021-01-27T13:27:53+00:00 CRITICAL Uncaught ArgumentCountError: Too few arguments to function Class_list_table::prepare_items(), 0 passed in /opt/lampp/htdocs/woo_wordpress/wp-content/plugins/importer/admin/class-importer-admin.php on line 215 and exactly 1 expected in /opt/lampp/htdocs/woo_wordpress/wp-content/plugins/importer/admin/partials/Class_list_table.php:196
Stack trace:
#0 /opt/lampp/htdocs/woo_wordpress/wp-content/plugins/importer/admin/class-importer-admin.php(215): Class_list_table->prepare_items()
#1 /opt/lampp/htdocs/woo_wordpress/wp-includes/class-wp-hook.php(287): Importer_Admin->meta_ajax_data('')
#2 /opt/lampp/htdocs/woo_wordpress/wp-includes/class-wp-hook.php(311): WP_Hook->apply_filters('', Array)
#3 /opt/lampp/htdocs/woo_wordpress/wp-includes/plugin.php(484): WP_Hook->do_action(Array)
#4 /opt/lampp/htdocs/woo_wordpress/wp-admin/admin-ajax.php(184): do_action('wp_ajax_meta_aj...')
#5 {main}
  thrown in /opt/lampp/htdocs/woo_wordpress/wp-content/plugins/importer/admin/partials/Class_list_table.php on line 196

2021-01-27T13:28:05+00:00 CRITICAL Uncaught ArgumentCountError: Too few arguments to function Class_list_table::prepare_items(), 0 passed in /opt/lampp/htdocs/woo_wordpress/wp-content/plugins/importer/admin/class-importer-admin.php on line 215 and exactly 1 expected in /opt/lampp/htdocs/woo_wordpress/wp-content/plugins/importer/admin/partials/Class_list_table.php:196
Stack trace:
#0 /opt/lampp/htdocs/woo_wordpress/wp-content/plugins/importer/admin/class-importer-admin.php(215): Class_list_table->prepare_items()
#1 /opt/lampp/htdocs/woo_wordpress/wp-includes/class-wp-hook.php(287): Importer_Admin->meta_ajax_data('')
#2 /opt/lampp/htdocs/woo_wordpress/wp-includes/class-wp-hook.php(311): WP_Hook->apply_filters('', Array)
#3 /opt/lampp/htdocs/woo_wordpress/wp-includes/plugin.php(484): WP_Hook->do_action(Array)
#4 /opt/lampp/htdocs/woo_wordpress/wp-admin/admin-ajax.php(184): do_action('wp_ajax_meta_aj...')
#5 {main}
  thrown in /opt/lampp/htdocs/woo_wordpress/wp-content/plugins/importer/admin/partials/Class_list_table.php on line 196

2021-01-27T13:28:11+00:00 CRITICAL Uncaught ArgumentCountError: Too few arguments to function Class_list_table::prepare_items(), 0 passed in /opt/lampp/htdocs/woo_wordpress/wp-content/plugins/importer/admin/class-importer-admin.php on line 215 and exactly 1 expected in /opt/lampp/htdocs/woo_wordpress/wp-content/plugins/importer/admin/partials/Class_list_table.php:196
Stack trace:
#0 /opt/lampp/htdocs/woo_wordpress/wp-content/plugins/importer/admin/class-importer-admin.php(215): Class_list_table->prepare_items()
#1 /opt/lampp/htdocs/woo_wordpress/wp-includes/class-wp-hook.php(287): Importer_Admin->meta_ajax_data('')
#2 /opt/lampp/htdocs/woo_wordpress/wp-includes/class-wp-hook.php(311): WP_Hook->apply_filters('', Array)
#3 /opt/lampp/htdocs/woo_wordpress/wp-includes/plugin.php(484): WP_Hook->do_action(Array)
#4 /opt/lampp/htdocs/woo_wordpress/wp-admin/admin-ajax.php(184): do_action('wp_ajax_meta_aj...')
#5 {main}
  thrown in /opt/lampp/htdocs/woo_wordpress/wp-content/plugins/importer/admin/partials/Class_list_table.php on line 196

2021-01-27T13:28:52+00:00 CRITICAL Uncaught ArgumentCountError: Too few arguments to function Class_list_table::prepare_items(), 0 passed in /opt/lampp/htdocs/woo_wordpress/wp-content/plugins/importer/admin/class-importer-admin.php on line 215 and exactly 1 expected in /opt/lampp/htdocs/woo_wordpress/wp-content/plugins/importer/admin/partials/Class_list_table.php:196
Stack trace:
#0 /opt/lampp/htdocs/woo_wordpress/wp-content/plugins/importer/admin/class-importer-admin.php(215): Class_list_table->prepare_items()
#1 /opt/lampp/htdocs/woo_wordpress/wp-includes/class-wp-hook.php(287): Importer_Admin->meta_ajax_data('')
#2 /opt/lampp/htdocs/woo_wordpress/wp-includes/class-wp-hook.php(311): WP_Hook->apply_filters('', Array)
#3 /opt/lampp/htdocs/woo_wordpress/wp-includes/plugin.php(484): WP_Hook->do_action(Array)
#4 /opt/lampp/htdocs/woo_wordpress/wp-admin/admin-ajax.php(184): do_action('wp_ajax_meta_aj...')
#5 {main}
  thrown in /opt/lampp/htdocs/woo_wordpress/wp-content/plugins/importer/admin/partials/Class_list_table.php on line 196

2021-01-27T13:28:54+00:00 CRITICAL Uncaught ArgumentCountError: Too few arguments to function Class_list_table::prepare_items(), 0 passed in /opt/lampp/htdocs/woo_wordpress/wp-content/plugins/importer/admin/class-importer-admin.php on line 215 and exactly 1 expected in /opt/lampp/htdocs/woo_wordpress/wp-content/plugins/importer/admin/partials/Class_list_table.php:196
Stack trace:
#0 /opt/lampp/htdocs/woo_wordpress/wp-content/plugins/importer/admin/class-importer-admin.php(215): Class_list_table->prepare_items()
#1 /opt/lampp/htdocs/woo_wordpress/wp-includes/class-wp-hook.php(287): Importer_Admin->meta_ajax_data('')
#2 /opt/lampp/htdocs/woo_wordpress/wp-includes/class-wp-hook.php(311): WP_Hook->apply_filters('', Array)
#3 /opt/lampp/htdocs/woo_wordpress/wp-includes/plugin.php(484): WP_Hook->do_action(Array)
#4 /opt/lampp/htdocs/woo_wordpress/wp-admin/admin-ajax.php(184): do_action('wp_ajax_meta_aj...')
#5 {main}
  thrown in /opt/lampp/htdocs/woo_wordpress/wp-content/plugins/importer/admin/partials/Class_list_table.php on line 196

2021-01-27T13:31:39+00:00 CRITICAL Uncaught Error: Cannot use object of type stdClass as array in /opt/lampp/htdocs/woo_wordpress/wp-content/plugins/importer/admin/partials/Class_list_table.php:141
Stack trace:
#0 /opt/lampp/htdocs/woo_wordpress/wp-admin/includes/class-wp-list-table.php(1422): Class_list_table->column_cb(Object(stdClass))
#1 /opt/lampp/htdocs/woo_wordpress/wp-admin/includes/class-wp-list-table.php(1379): WP_List_Table->single_row_columns(Object(stdClass))
#2 /opt/lampp/htdocs/woo_wordpress/wp-admin/includes/class-wp-list-table.php(1366): WP_List_Table->single_row(Object(stdClass))
#3 /opt/lampp/htdocs/woo_wordpress/wp-admin/includes/class-wp-list-table.php(1351): WP_List_Table->display_rows()
#4 /opt/lampp/htdocs/woo_wordpress/wp-admin/includes/class-wp-list-table.php(1278): WP_List_Table->display_rows_or_placeholder()
#5 /opt/lampp/htdocs/woo_wordpress/wp-content/plugins/importer/admin/class-importer-admin.php(216): WP_List_Table->display()
#6 /opt/lampp/htdocs/woo_wordpress/wp-includes/class-wp-hook.php(287): Importer_Admin- in /opt/lampp/htdocs/woo_wordpress/wp-content/plugins/importer/admin/partials/Class_list_table.php on line 141

2021-01-27T13:31:48+00:00 CRITICAL Uncaught Error: Cannot use object of type stdClass as array in /opt/lampp/htdocs/woo_wordpress/wp-content/plugins/importer/admin/partials/Class_list_table.php:141
Stack trace:
#0 /opt/lampp/htdocs/woo_wordpress/wp-admin/includes/class-wp-list-table.php(1422): Class_list_table->column_cb(Object(stdClass))
#1 /opt/lampp/htdocs/woo_wordpress/wp-admin/includes/class-wp-list-table.php(1379): WP_List_Table->single_row_columns(Object(stdClass))
#2 /opt/lampp/htdocs/woo_wordpress/wp-admin/includes/class-wp-list-table.php(1366): WP_List_Table->single_row(Object(stdClass))
#3 /opt/lampp/htdocs/woo_wordpress/wp-admin/includes/class-wp-list-table.php(1351): WP_List_Table->display_rows()
#4 /opt/lampp/htdocs/woo_wordpress/wp-admin/includes/class-wp-list-table.php(1278): WP_List_Table->display_rows_or_placeholder()
#5 /opt/lampp/htdocs/woo_wordpress/wp-content/plugins/importer/admin/class-importer-admin.php(216): WP_List_Table->display()
#6 /opt/lampp/htdocs/woo_wordpress/wp-includes/class-wp-hook.php(287): Importer_Admin- in /opt/lampp/htdocs/woo_wordpress/wp-content/plugins/importer/admin/partials/Class_list_table.php on line 141

2021-01-27T13:32:10+00:00 CRITICAL Uncaught Error: Cannot use object of type stdClass as array in /opt/lampp/htdocs/woo_wordpress/wp-content/plugins/importer/admin/partials/Class_list_table.php:141
Stack trace:
#0 /opt/lampp/htdocs/woo_wordpress/wp-admin/includes/class-wp-list-table.php(1422): Class_list_table->column_cb(Object(stdClass))
#1 /opt/lampp/htdocs/woo_wordpress/wp-admin/includes/class-wp-list-table.php(1379): WP_List_Table->single_row_columns(Object(stdClass))
#2 /opt/lampp/htdocs/woo_wordpress/wp-admin/includes/class-wp-list-table.php(1366): WP_List_Table->single_row(Object(stdClass))
#3 /opt/lampp/htdocs/woo_wordpress/wp-admin/includes/class-wp-list-table.php(1351): WP_List_Table->display_rows()
#4 /opt/lampp/htdocs/woo_wordpress/wp-admin/includes/class-wp-list-table.php(1278): WP_List_Table->display_rows_or_placeholder()
#5 /opt/lampp/htdocs/woo_wordpress/wp-content/plugins/importer/admin/class-importer-admin.php(216): WP_List_Table->display()
#6 /opt/lampp/htdocs/woo_wordpress/wp-includes/class-wp-hook.php(287): Importer_Admin- in /opt/lampp/htdocs/woo_wordpress/wp-content/plugins/importer/admin/partials/Class_list_table.php on line 141

2021-01-27T13:32:18+00:00 CRITICAL Uncaught Error: Cannot use object of type stdClass as array in /opt/lampp/htdocs/woo_wordpress/wp-content/plugins/importer/admin/partials/Class_list_table.php:141
Stack trace:
#0 /opt/lampp/htdocs/woo_wordpress/wp-admin/includes/class-wp-list-table.php(1422): Class_list_table->column_cb(Object(stdClass))
#1 /opt/lampp/htdocs/woo_wordpress/wp-admin/includes/class-wp-list-table.php(1379): WP_List_Table->single_row_columns(Object(stdClass))
#2 /opt/lampp/htdocs/woo_wordpress/wp-admin/includes/class-wp-list-table.php(1366): WP_List_Table->single_row(Object(stdClass))
#3 /opt/lampp/htdocs/woo_wordpress/wp-admin/includes/class-wp-list-table.php(1351): WP_List_Table->display_rows()
#4 /opt/lampp/htdocs/woo_wordpress/wp-admin/includes/class-wp-list-table.php(1278): WP_List_Table->display_rows_or_placeholder()
#5 /opt/lampp/htdocs/woo_wordpress/wp-content/plugins/importer/admin/class-importer-admin.php(216): WP_List_Table->display()
#6 /opt/lampp/htdocs/woo_wordpress/wp-includes/class-wp-hook.php(287): Importer_Admin- in /opt/lampp/htdocs/woo_wordpress/wp-content/plugins/importer/admin/partials/Class_list_table.php on line 141

2021-01-27T13:32:27+00:00 CRITICAL Uncaught Error: Cannot use object of type stdClass as array in /opt/lampp/htdocs/woo_wordpress/wp-content/plugins/importer/admin/partials/Class_list_table.php:141
Stack trace:
#0 /opt/lampp/htdocs/woo_wordpress/wp-admin/includes/class-wp-list-table.php(1422): Class_list_table->column_cb(Object(stdClass))
#1 /opt/lampp/htdocs/woo_wordpress/wp-admin/includes/class-wp-list-table.php(1379): WP_List_Table->single_row_columns(Object(stdClass))
#2 /opt/lampp/htdocs/woo_wordpress/wp-admin/includes/class-wp-list-table.php(1366): WP_List_Table->single_row(Object(stdClass))
#3 /opt/lampp/htdocs/woo_wordpress/wp-admin/includes/class-wp-list-table.php(1351): WP_List_Table->display_rows()
#4 /opt/lampp/htdocs/woo_wordpress/wp-admin/includes/class-wp-list-table.php(1278): WP_List_Table->display_rows_or_placeholder()
#5 /opt/lampp/htdocs/woo_wordpress/wp-content/plugins/importer/admin/class-importer-admin.php(216): WP_List_Table->display()
#6 /opt/lampp/htdocs/woo_wordpress/wp-includes/class-wp-hook.php(287): Importer_Admin- in /opt/lampp/htdocs/woo_wordpress/wp-content/plugins/importer/admin/partials/Class_list_table.php on line 141

2021-01-27T13:32:36+00:00 CRITICAL Uncaught Error: Cannot use object of type stdClass as array in /opt/lampp/htdocs/woo_wordpress/wp-content/plugins/importer/admin/partials/Class_list_table.php:141
Stack trace:
#0 /opt/lampp/htdocs/woo_wordpress/wp-admin/includes/class-wp-list-table.php(1422): Class_list_table->column_cb(Object(stdClass))
#1 /opt/lampp/htdocs/woo_wordpress/wp-admin/includes/class-wp-list-table.php(1379): WP_List_Table->single_row_columns(Object(stdClass))
#2 /opt/lampp/htdocs/woo_wordpress/wp-admin/includes/class-wp-list-table.php(1366): WP_List_Table->single_row(Object(stdClass))
#3 /opt/lampp/htdocs/woo_wordpress/wp-admin/includes/class-wp-list-table.php(1351): WP_List_Table->display_rows()
#4 /opt/lampp/htdocs/woo_wordpress/wp-admin/includes/class-wp-list-table.php(1278): WP_List_Table->display_rows_or_placeholder()
#5 /opt/lampp/htdocs/woo_wordpress/wp-content/plugins/importer/admin/class-importer-admin.php(216): WP_List_Table->display()
#6 /opt/lampp/htdocs/woo_wordpress/wp-includes/class-wp-hook.php(287): Importer_Admin- in /opt/lampp/htdocs/woo_wordpress/wp-content/plugins/importer/admin/partials/Class_list_table.php on line 141

2021-01-27T13:32:39+00:00 CRITICAL Uncaught Error: Cannot use object of type stdClass as array in /opt/lampp/htdocs/woo_wordpress/wp-content/plugins/importer/admin/partials/Class_list_table.php:141
Stack trace:
#0 /opt/lampp/htdocs/woo_wordpress/wp-admin/includes/class-wp-list-table.php(1422): Class_list_table->column_cb(Object(stdClass))
#1 /opt/lampp/htdocs/woo_wordpress/wp-admin/includes/class-wp-list-table.php(1379): WP_List_Table->single_row_columns(Object(stdClass))
#2 /opt/lampp/htdocs/woo_wordpress/wp-admin/includes/class-wp-list-table.php(1366): WP_List_Table->single_row(Object(stdClass))
#3 /opt/lampp/htdocs/woo_wordpress/wp-admin/includes/class-wp-list-table.php(1351): WP_List_Table->display_rows()
#4 /opt/lampp/htdocs/woo_wordpress/wp-admin/includes/class-wp-list-table.php(1278): WP_List_Table->display_rows_or_placeholder()
#5 /opt/lampp/htdocs/woo_wordpress/wp-content/plugins/importer/admin/class-importer-admin.php(216): WP_List_Table->display()
#6 /opt/lampp/htdocs/woo_wordpress/wp-includes/class-wp-hook.php(287): Importer_Admin- in /opt/lampp/htdocs/woo_wordpress/wp-content/plugins/importer/admin/partials/Class_list_table.php on line 141

2021-01-27T13:34:40+00:00 CRITICAL Uncaught Error: Cannot use object of type stdClass as array in /opt/lampp/htdocs/woo_wordpress/wp-content/plugins/importer/admin/partials/Class_list_table.php:141
Stack trace:
#0 /opt/lampp/htdocs/woo_wordpress/wp-admin/includes/class-wp-list-table.php(1422): Class_list_table->column_cb(Object(stdClass))
#1 /opt/lampp/htdocs/woo_wordpress/wp-admin/includes/class-wp-list-table.php(1379): WP_List_Table->single_row_columns(Object(stdClass))
#2 /opt/lampp/htdocs/woo_wordpress/wp-admin/includes/class-wp-list-table.php(1366): WP_List_Table->single_row(Object(stdClass))
#3 /opt/lampp/htdocs/woo_wordpress/wp-admin/includes/class-wp-list-table.php(1351): WP_List_Table->display_rows()
#4 /opt/lampp/htdocs/woo_wordpress/wp-admin/includes/class-wp-list-table.php(1278): WP_List_Table->display_rows_or_placeholder()
#5 /opt/lampp/htdocs/woo_wordpress/wp-content/plugins/importer/admin/class-importer-admin.php(216): WP_List_Table->display()
#6 /opt/lampp/htdocs/woo_wordpress/wp-includes/class-wp-hook.php(287): Importer_Admin- in /opt/lampp/htdocs/woo_wordpress/wp-content/plugins/importer/admin/partials/Class_list_table.php on line 141

2021-01-27T13:34:54+00:00 CRITICAL Uncaught Error: Cannot use object of type stdClass as array in /opt/lampp/htdocs/woo_wordpress/wp-content/plugins/importer/admin/partials/Class_list_table.php:141
Stack trace:
#0 /opt/lampp/htdocs/woo_wordpress/wp-admin/includes/class-wp-list-table.php(1422): Class_list_table->column_cb(Object(stdClass))
#1 /opt/lampp/htdocs/woo_wordpress/wp-admin/includes/class-wp-list-table.php(1379): WP_List_Table->single_row_columns(Object(stdClass))
#2 /opt/lampp/htdocs/woo_wordpress/wp-admin/includes/class-wp-list-table.php(1366): WP_List_Table->single_row(Object(stdClass))
#3 /opt/lampp/htdocs/woo_wordpress/wp-admin/includes/class-wp-list-table.php(1351): WP_List_Table->display_rows()
#4 /opt/lampp/htdocs/woo_wordpress/wp-admin/includes/class-wp-list-table.php(1278): WP_List_Table->display_rows_or_placeholder()
#5 /opt/lampp/htdocs/woo_wordpress/wp-content/plugins/importer/admin/class-importer-admin.php(216): WP_List_Table->display()
#6 /opt/lampp/htdocs/woo_wordpress/wp-includes/class-wp-hook.php(287): Importer_Admin- in /opt/lampp/htdocs/woo_wordpress/wp-content/plugins/importer/admin/partials/Class_list_table.php on line 141

2021-01-27T13:36:54+00:00 CRITICAL Uncaught ArgumentCountError: Too few arguments to function Class_list_table::prepare_items(), 0 passed in /opt/lampp/htdocs/woo_wordpress/wp-content/plugins/importer/admin/class-importer-admin.php on line 215 and exactly 1 expected in /opt/lampp/htdocs/woo_wordpress/wp-content/plugins/importer/admin/partials/Class_list_table.php:196
Stack trace:
#0 /opt/lampp/htdocs/woo_wordpress/wp-content/plugins/importer/admin/class-importer-admin.php(215): Class_list_table->prepare_items()
#1 /opt/lampp/htdocs/woo_wordpress/wp-includes/class-wp-hook.php(287): Importer_Admin->meta_ajax_data('')
#2 /opt/lampp/htdocs/woo_wordpress/wp-includes/class-wp-hook.php(311): WP_Hook->apply_filters('', Array)
#3 /opt/lampp/htdocs/woo_wordpress/wp-includes/plugin.php(484): WP_Hook->do_action(Array)
#4 /opt/lampp/htdocs/woo_wordpress/wp-admin/admin-ajax.php(184): do_action('wp_ajax_meta_aj...')
#5 {main}
  thrown in /opt/lampp/htdocs/woo_wordpress/wp-content/plugins/importer/admin/partials/Class_list_table.php on line 196

2021-01-27T13:37:00+00:00 CRITICAL Uncaught ArgumentCountError: Too few arguments to function Class_list_table::prepare_items(), 0 passed in /opt/lampp/htdocs/woo_wordpress/wp-content/plugins/importer/admin/class-importer-admin.php on line 215 and exactly 1 expected in /opt/lampp/htdocs/woo_wordpress/wp-content/plugins/importer/admin/partials/Class_list_table.php:196
Stack trace:
#0 /opt/lampp/htdocs/woo_wordpress/wp-content/plugins/importer/admin/class-importer-admin.php(215): Class_list_table->prepare_items()
#1 /opt/lampp/htdocs/woo_wordpress/wp-includes/class-wp-hook.php(287): Importer_Admin->meta_ajax_data('')
#2 /opt/lampp/htdocs/woo_wordpress/wp-includes/class-wp-hook.php(311): WP_Hook->apply_filters('', Array)
#3 /opt/lampp/htdocs/woo_wordpress/wp-includes/plugin.php(484): WP_Hook->do_action(Array)
#4 /opt/lampp/htdocs/woo_wordpress/wp-admin/admin-ajax.php(184): do_action('wp_ajax_meta_aj...')
#5 {main}
  thrown in /opt/lampp/htdocs/woo_wordpress/wp-content/plugins/importer/admin/partials/Class_list_table.php on line 196

2021-01-27T13:38:25+00:00 CRITICAL Uncaught ArgumentCountError: Too few arguments to function Class_list_table::prepare_items(), 0 passed in /opt/lampp/htdocs/woo_wordpress/wp-content/plugins/importer/admin/class-importer-admin.php on line 215 and exactly 1 expected in /opt/lampp/htdocs/woo_wordpress/wp-content/plugins/importer/admin/partials/Class_list_table.php:196
Stack trace:
#0 /opt/lampp/htdocs/woo_wordpress/wp-content/plugins/importer/admin/class-importer-admin.php(215): Class_list_table->prepare_items()
#1 /opt/lampp/htdocs/woo_wordpress/wp-includes/class-wp-hook.php(287): Importer_Admin->meta_ajax_data('')
#2 /opt/lampp/htdocs/woo_wordpress/wp-includes/class-wp-hook.php(311): WP_Hook->apply_filters('', Array)
#3 /opt/lampp/htdocs/woo_wordpress/wp-includes/plugin.php(484): WP_Hook->do_action(Array)
#4 /opt/lampp/htdocs/woo_wordpress/wp-admin/admin-ajax.php(184): do_action('wp_ajax_meta_aj...')
#5 {main}
  thrown in /opt/lampp/htdocs/woo_wordpress/wp-content/plugins/importer/admin/partials/Class_list_table.php on line 196

2021-01-27T13:40:00+00:00 CRITICAL Uncaught ArgumentCountError: Too few arguments to function Class_list_table::prepare_items(), 0 passed in /opt/lampp/htdocs/woo_wordpress/wp-content/plugins/importer/admin/class-importer-admin.php on line 215 and exactly 1 expected in /opt/lampp/htdocs/woo_wordpress/wp-content/plugins/importer/admin/partials/Class_list_table.php:196
Stack trace:
#0 /opt/lampp/htdocs/woo_wordpress/wp-content/plugins/importer/admin/class-importer-admin.php(215): Class_list_table->prepare_items()
#1 /opt/lampp/htdocs/woo_wordpress/wp-includes/class-wp-hook.php(287): Importer_Admin->meta_ajax_data('')
#2 /opt/lampp/htdocs/woo_wordpress/wp-includes/class-wp-hook.php(311): WP_Hook->apply_filters('', Array)
#3 /opt/lampp/htdocs/woo_wordpress/wp-includes/plugin.php(484): WP_Hook->do_action(Array)
#4 /opt/lampp/htdocs/woo_wordpress/wp-admin/admin-ajax.php(184): do_action('wp_ajax_meta_aj...')
#5 {main}
  thrown in /opt/lampp/htdocs/woo_wordpress/wp-content/plugins/importer/admin/partials/Class_list_table.php on line 196

2021-01-27T13:40:20+00:00 CRITICAL Uncaught ArgumentCountError: Too few arguments to function Class_list_table::prepare_items(), 0 passed in /opt/lampp/htdocs/woo_wordpress/wp-content/plugins/importer/admin/class-importer-admin.php on line 215 and exactly 1 expected in /opt/lampp/htdocs/woo_wordpress/wp-content/plugins/importer/admin/partials/Class_list_table.php:196
Stack trace:
#0 /opt/lampp/htdocs/woo_wordpress/wp-content/plugins/importer/admin/class-importer-admin.php(215): Class_list_table->prepare_items()
#1 /opt/lampp/htdocs/woo_wordpress/wp-includes/class-wp-hook.php(287): Importer_Admin->meta_ajax_data('')
#2 /opt/lampp/htdocs/woo_wordpress/wp-includes/class-wp-hook.php(311): WP_Hook->apply_filters('', Array)
#3 /opt/lampp/htdocs/woo_wordpress/wp-includes/plugin.php(484): WP_Hook->do_action(Array)
#4 /opt/lampp/htdocs/woo_wordpress/wp-admin/admin-ajax.php(184): do_action('wp_ajax_meta_aj...')
#5 {main}
  thrown in /opt/lampp/htdocs/woo_wordpress/wp-content/plugins/importer/admin/partials/Class_list_table.php on line 196

2021-01-27T13:40:27+00:00 CRITICAL Uncaught ArgumentCountError: Too few arguments to function Class_list_table::prepare_items(), 0 passed in /opt/lampp/htdocs/woo_wordpress/wp-content/plugins/importer/admin/class-importer-admin.php on line 215 and exactly 1 expected in /opt/lampp/htdocs/woo_wordpress/wp-content/plugins/importer/admin/partials/Class_list_table.php:196
Stack trace:
#0 /opt/lampp/htdocs/woo_wordpress/wp-content/plugins/importer/admin/class-importer-admin.php(215): Class_list_table->prepare_items()
#1 /opt/lampp/htdocs/woo_wordpress/wp-includes/class-wp-hook.php(287): Importer_Admin->meta_ajax_data('')
#2 /opt/lampp/htdocs/woo_wordpress/wp-includes/class-wp-hook.php(311): WP_Hook->apply_filters('', Array)
#3 /opt/lampp/htdocs/woo_wordpress/wp-includes/plugin.php(484): WP_Hook->do_action(Array)
#4 /opt/lampp/htdocs/woo_wordpress/wp-admin/admin-ajax.php(184): do_action('wp_ajax_meta_aj...')
#5 {main}
  thrown in /opt/lampp/htdocs/woo_wordpress/wp-content/plugins/importer/admin/partials/Class_list_table.php on line 196

2021-01-27T13:40:30+00:00 CRITICAL Uncaught ArgumentCountError: Too few arguments to function Class_list_table::prepare_items(), 0 passed in /opt/lampp/htdocs/woo_wordpress/wp-content/plugins/importer/admin/class-importer-admin.php on line 215 and exactly 1 expected in /opt/lampp/htdocs/woo_wordpress/wp-content/plugins/importer/admin/partials/Class_list_table.php:196
Stack trace:
#0 /opt/lampp/htdocs/woo_wordpress/wp-content/plugins/importer/admin/class-importer-admin.php(215): Class_list_table->prepare_items()
#1 /opt/lampp/htdocs/woo_wordpress/wp-includes/class-wp-hook.php(287): Importer_Admin->meta_ajax_data('')
#2 /opt/lampp/htdocs/woo_wordpress/wp-includes/class-wp-hook.php(311): WP_Hook->apply_filters('', Array)
#3 /opt/lampp/htdocs/woo_wordpress/wp-includes/plugin.php(484): WP_Hook->do_action(Array)
#4 /opt/lampp/htdocs/woo_wordpress/wp-admin/admin-ajax.php(184): do_action('wp_ajax_meta_aj...')
#5 {main}
  thrown in /opt/lampp/htdocs/woo_wordpress/wp-content/plugins/importer/admin/partials/Class_list_table.php on line 196

2021-01-27T13:40:45+00:00 CRITICAL Uncaught ArgumentCountError: Too few arguments to function Class_list_table::prepare_items(), 0 passed in /opt/lampp/htdocs/woo_wordpress/wp-content/plugins/importer/admin/class-importer-admin.php on line 215 and exactly 1 expected in /opt/lampp/htdocs/woo_wordpress/wp-content/plugins/importer/admin/partials/Class_list_table.php:196
Stack trace:
#0 /opt/lampp/htdocs/woo_wordpress/wp-content/plugins/importer/admin/class-importer-admin.php(215): Class_list_table->prepare_items()
#1 /opt/lampp/htdocs/woo_wordpress/wp-includes/class-wp-hook.php(287): Importer_Admin->meta_ajax_data('')
#2 /opt/lampp/htdocs/woo_wordpress/wp-includes/class-wp-hook.php(311): WP_Hook->apply_filters('', Array)
#3 /opt/lampp/htdocs/woo_wordpress/wp-includes/plugin.php(484): WP_Hook->do_action(Array)
#4 /opt/lampp/htdocs/woo_wordpress/wp-admin/admin-ajax.php(184): do_action('wp_ajax_meta_aj...')
#5 {main}
  thrown in /opt/lampp/htdocs/woo_wordpress/wp-content/plugins/importer/admin/partials/Class_list_table.php on line 196

2021-01-27T13:40:48+00:00 CRITICAL Uncaught ArgumentCountError: Too few arguments to function Class_list_table::prepare_items(), 0 passed in /opt/lampp/htdocs/woo_wordpress/wp-content/plugins/importer/admin/class-importer-admin.php on line 215 and exactly 1 expected in /opt/lampp/htdocs/woo_wordpress/wp-content/plugins/importer/admin/partials/Class_list_table.php:196
Stack trace:
#0 /opt/lampp/htdocs/woo_wordpress/wp-content/plugins/importer/admin/class-importer-admin.php(215): Class_list_table->prepare_items()
#1 /opt/lampp/htdocs/woo_wordpress/wp-includes/class-wp-hook.php(287): Importer_Admin->meta_ajax_data('')
#2 /opt/lampp/htdocs/woo_wordpress/wp-includes/class-wp-hook.php(311): WP_Hook->apply_filters('', Array)
#3 /opt/lampp/htdocs/woo_wordpress/wp-includes/plugin.php(484): WP_Hook->do_action(Array)
#4 /opt/lampp/htdocs/woo_wordpress/wp-admin/admin-ajax.php(184): do_action('wp_ajax_meta_aj...')
#5 {main}
  thrown in /opt/lampp/htdocs/woo_wordpress/wp-content/plugins/importer/admin/partials/Class_list_table.php on line 196

2021-01-27T13:41:02+00:00 CRITICAL Uncaught ArgumentCountError: Too few arguments to function Class_list_table::prepare_items(), 0 passed in /opt/lampp/htdocs/woo_wordpress/wp-content/plugins/importer/admin/class-importer-admin.php on line 215 and exactly 1 expected in /opt/lampp/htdocs/woo_wordpress/wp-content/plugins/importer/admin/partials/Class_list_table.php:196
Stack trace:
#0 /opt/lampp/htdocs/woo_wordpress/wp-content/plugins/importer/admin/class-importer-admin.php(215): Class_list_table->prepare_items()
#1 /opt/lampp/htdocs/woo_wordpress/wp-includes/class-wp-hook.php(287): Importer_Admin->meta_ajax_data('')
#2 /opt/lampp/htdocs/woo_wordpress/wp-includes/class-wp-hook.php(311): WP_Hook->apply_filters('', Array)
#3 /opt/lampp/htdocs/woo_wordpress/wp-includes/plugin.php(484): WP_Hook->do_action(Array)
#4 /opt/lampp/htdocs/woo_wordpress/wp-admin/admin-ajax.php(184): do_action('wp_ajax_meta_aj...')
#5 {main}
  thrown in /opt/lampp/htdocs/woo_wordpress/wp-content/plugins/importer/admin/partials/Class_list_table.php on line 196

2021-01-27T13:41:04+00:00 CRITICAL Uncaught ArgumentCountError: Too few arguments to function Class_list_table::prepare_items(), 0 passed in /opt/lampp/htdocs/woo_wordpress/wp-content/plugins/importer/admin/class-importer-admin.php on line 215 and exactly 1 expected in /opt/lampp/htdocs/woo_wordpress/wp-content/plugins/importer/admin/partials/Class_list_table.php:196
Stack trace:
#0 /opt/lampp/htdocs/woo_wordpress/wp-content/plugins/importer/admin/class-importer-admin.php(215): Class_list_table->prepare_items()
#1 /opt/lampp/htdocs/woo_wordpress/wp-includes/class-wp-hook.php(287): Importer_Admin->meta_ajax_data('')
#2 /opt/lampp/htdocs/woo_wordpress/wp-includes/class-wp-hook.php(311): WP_Hook->apply_filters('', Array)
#3 /opt/lampp/htdocs/woo_wordpress/wp-includes/plugin.php(484): WP_Hook->do_action(Array)
#4 /opt/lampp/htdocs/woo_wordpress/wp-admin/admin-ajax.php(184): do_action('wp_ajax_meta_aj...')
#5 {main}
  thrown in /opt/lampp/htdocs/woo_wordpress/wp-content/plugins/importer/admin/partials/Class_list_table.php on line 196

2021-01-27T13:41:06+00:00 CRITICAL Uncaught ArgumentCountError: Too few arguments to function Class_list_table::prepare_items(), 0 passed in /opt/lampp/htdocs/woo_wordpress/wp-content/plugins/importer/admin/class-importer-admin.php on line 215 and exactly 1 expected in /opt/lampp/htdocs/woo_wordpress/wp-content/plugins/importer/admin/partials/Class_list_table.php:196
Stack trace:
#0 /opt/lampp/htdocs/woo_wordpress/wp-content/plugins/importer/admin/class-importer-admin.php(215): Class_list_table->prepare_items()
#1 /opt/lampp/htdocs/woo_wordpress/wp-includes/class-wp-hook.php(287): Importer_Admin->meta_ajax_data('')
#2 /opt/lampp/htdocs/woo_wordpress/wp-includes/class-wp-hook.php(311): WP_Hook->apply_filters('', Array)
#3 /opt/lampp/htdocs/woo_wordpress/wp-includes/plugin.php(484): WP_Hook->do_action(Array)
#4 /opt/lampp/htdocs/woo_wordpress/wp-admin/admin-ajax.php(184): do_action('wp_ajax_meta_aj...')
#5 {main}
  thrown in /opt/lampp/htdocs/woo_wordpress/wp-content/plugins/importer/admin/partials/Class_list_table.php on line 196

2021-01-27T13:41:18+00:00 CRITICAL Uncaught ArgumentCountError: Too few arguments to function Class_list_table::prepare_items(), 0 passed in /opt/lampp/htdocs/woo_wordpress/wp-content/plugins/importer/admin/class-importer-admin.php on line 215 and exactly 1 expected in /opt/lampp/htdocs/woo_wordpress/wp-content/plugins/importer/admin/partials/Class_list_table.php:196
Stack trace:
#0 /opt/lampp/htdocs/woo_wordpress/wp-content/plugins/importer/admin/class-importer-admin.php(215): Class_list_table->prepare_items()
#1 /opt/lampp/htdocs/woo_wordpress/wp-includes/class-wp-hook.php(287): Importer_Admin->meta_ajax_data('')
#2 /opt/lampp/htdocs/woo_wordpress/wp-includes/class-wp-hook.php(311): WP_Hook->apply_filters('', Array)
#3 /opt/lampp/htdocs/woo_wordpress/wp-includes/plugin.php(484): WP_Hook->do_action(Array)
#4 /opt/lampp/htdocs/woo_wordpress/wp-admin/admin-ajax.php(184): do_action('wp_ajax_meta_aj...')
#5 {main}
  thrown in /opt/lampp/htdocs/woo_wordpress/wp-content/plugins/importer/admin/partials/Class_list_table.php on line 196

2021-01-27T13:41:35+00:00 CRITICAL Uncaught ArgumentCountError: Too few arguments to function Class_list_table::prepare_items(), 0 passed in /opt/lampp/htdocs/woo_wordpress/wp-content/plugins/importer/admin/class-importer-admin.php on line 215 and exactly 1 expected in /opt/lampp/htdocs/woo_wordpress/wp-content/plugins/importer/admin/partials/Class_list_table.php:196
Stack trace:
#0 /opt/lampp/htdocs/woo_wordpress/wp-content/plugins/importer/admin/class-importer-admin.php(215): Class_list_table->prepare_items()
#1 /opt/lampp/htdocs/woo_wordpress/wp-includes/class-wp-hook.php(287): Importer_Admin->meta_ajax_data('')
#2 /opt/lampp/htdocs/woo_wordpress/wp-includes/class-wp-hook.php(311): WP_Hook->apply_filters('', Array)
#3 /opt/lampp/htdocs/woo_wordpress/wp-includes/plugin.php(484): WP_Hook->do_action(Array)
#4 /opt/lampp/htdocs/woo_wordpress/wp-admin/admin-ajax.php(184): do_action('wp_ajax_meta_aj...')
#5 {main}
  thrown in /opt/lampp/htdocs/woo_wordpress/wp-content/plugins/importer/admin/partials/Class_list_table.php on line 196

2021-01-27T13:41:37+00:00 CRITICAL Uncaught ArgumentCountError: Too few arguments to function Class_list_table::prepare_items(), 0 passed in /opt/lampp/htdocs/woo_wordpress/wp-content/plugins/importer/admin/class-importer-admin.php on line 215 and exactly 1 expected in /opt/lampp/htdocs/woo_wordpress/wp-content/plugins/importer/admin/partials/Class_list_table.php:196
Stack trace:
#0 /opt/lampp/htdocs/woo_wordpress/wp-content/plugins/importer/admin/class-importer-admin.php(215): Class_list_table->prepare_items()
#1 /opt/lampp/htdocs/woo_wordpress/wp-includes/class-wp-hook.php(287): Importer_Admin->meta_ajax_data('')
#2 /opt/lampp/htdocs/woo_wordpress/wp-includes/class-wp-hook.php(311): WP_Hook->apply_filters('', Array)
#3 /opt/lampp/htdocs/woo_wordpress/wp-includes/plugin.php(484): WP_Hook->do_action(Array)
#4 /opt/lampp/htdocs/woo_wordpress/wp-admin/admin-ajax.php(184): do_action('wp_ajax_meta_aj...')
#5 {main}
  thrown in /opt/lampp/htdocs/woo_wordpress/wp-content/plugins/importer/admin/partials/Class_list_table.php on line 196

2021-01-27T13:41:51+00:00 CRITICAL Uncaught ArgumentCountError: Too few arguments to function Class_list_table::prepare_items(), 0 passed in /opt/lampp/htdocs/woo_wordpress/wp-content/plugins/importer/admin/class-importer-admin.php on line 215 and exactly 1 expected in /opt/lampp/htdocs/woo_wordpress/wp-content/plugins/importer/admin/partials/Class_list_table.php:196
Stack trace:
#0 /opt/lampp/htdocs/woo_wordpress/wp-content/plugins/importer/admin/class-importer-admin.php(215): Class_list_table->prepare_items()
#1 /opt/lampp/htdocs/woo_wordpress/wp-includes/class-wp-hook.php(287): Importer_Admin->meta_ajax_data('')
#2 /opt/lampp/htdocs/woo_wordpress/wp-includes/class-wp-hook.php(311): WP_Hook->apply_filters('', Array)
#3 /opt/lampp/htdocs/woo_wordpress/wp-includes/plugin.php(484): WP_Hook->do_action(Array)
#4 /opt/lampp/htdocs/woo_wordpress/wp-admin/admin-ajax.php(184): do_action('wp_ajax_meta_aj...')
#5 {main}
  thrown in /opt/lampp/htdocs/woo_wordpress/wp-content/plugins/importer/admin/partials/Class_list_table.php on line 196

2021-01-27T13:42:01+00:00 CRITICAL Uncaught ArgumentCountError: Too few arguments to function Class_list_table::prepare_items(), 0 passed in /opt/lampp/htdocs/woo_wordpress/wp-content/plugins/importer/admin/class-importer-admin.php on line 215 and exactly 1 expected in /opt/lampp/htdocs/woo_wordpress/wp-content/plugins/importer/admin/partials/Class_list_table.php:196
Stack trace:
#0 /opt/lampp/htdocs/woo_wordpress/wp-content/plugins/importer/admin/class-importer-admin.php(215): Class_list_table->prepare_items()
#1 /opt/lampp/htdocs/woo_wordpress/wp-includes/class-wp-hook.php(287): Importer_Admin->meta_ajax_data('')
#2 /opt/lampp/htdocs/woo_wordpress/wp-includes/class-wp-hook.php(311): WP_Hook->apply_filters('', Array)
#3 /opt/lampp/htdocs/woo_wordpress/wp-includes/plugin.php(484): WP_Hook->do_action(Array)
#4 /opt/lampp/htdocs/woo_wordpress/wp-admin/admin-ajax.php(184): do_action('wp_ajax_meta_aj...')
#5 {main}
  thrown in /opt/lampp/htdocs/woo_wordpress/wp-content/plugins/importer/admin/partials/Class_list_table.php on line 196

2021-01-27T13:42:08+00:00 CRITICAL Uncaught ArgumentCountError: Too few arguments to function Class_list_table::prepare_items(), 0 passed in /opt/lampp/htdocs/woo_wordpress/wp-content/plugins/importer/admin/class-importer-admin.php on line 215 and exactly 1 expected in /opt/lampp/htdocs/woo_wordpress/wp-content/plugins/importer/admin/partials/Class_list_table.php:196
Stack trace:
#0 /opt/lampp/htdocs/woo_wordpress/wp-content/plugins/importer/admin/class-importer-admin.php(215): Class_list_table->prepare_items()
#1 /opt/lampp/htdocs/woo_wordpress/wp-includes/class-wp-hook.php(287): Importer_Admin->meta_ajax_data('')
#2 /opt/lampp/htdocs/woo_wordpress/wp-includes/class-wp-hook.php(311): WP_Hook->apply_filters('', Array)
#3 /opt/lampp/htdocs/woo_wordpress/wp-includes/plugin.php(484): WP_Hook->do_action(Array)
#4 /opt/lampp/htdocs/woo_wordpress/wp-admin/admin-ajax.php(184): do_action('wp_ajax_meta_aj...')
#5 {main}
  thrown in /opt/lampp/htdocs/woo_wordpress/wp-content/plugins/importer/admin/partials/Class_list_table.php on line 196

2021-01-27T13:45:18+00:00 CRITICAL Uncaught ArgumentCountError: Too few arguments to function Class_list_table::prepare_items(), 0 passed in /opt/lampp/htdocs/woo_wordpress/wp-content/plugins/importer/admin/class-importer-admin.php on line 216 and exactly 1 expected in /opt/lampp/htdocs/woo_wordpress/wp-content/plugins/importer/admin/partials/Class_list_table.php:196
Stack trace:
#0 /opt/lampp/htdocs/woo_wordpress/wp-content/plugins/importer/admin/class-importer-admin.php(216): Class_list_table->prepare_items()
#1 /opt/lampp/htdocs/woo_wordpress/wp-includes/class-wp-hook.php(287): Importer_Admin->meta_ajax_data('')
#2 /opt/lampp/htdocs/woo_wordpress/wp-includes/class-wp-hook.php(311): WP_Hook->apply_filters('', Array)
#3 /opt/lampp/htdocs/woo_wordpress/wp-includes/plugin.php(484): WP_Hook->do_action(Array)
#4 /opt/lampp/htdocs/woo_wordpress/wp-admin/admin-ajax.php(184): do_action('wp_ajax_meta_aj...')
#5 {main}
  thrown in /opt/lampp/htdocs/woo_wordpress/wp-content/plugins/importer/admin/partials/Class_list_table.php on line 196

2021-01-27T13:45:20+00:00 CRITICAL Uncaught ArgumentCountError: Too few arguments to function Class_list_table::prepare_items(), 0 passed in /opt/lampp/htdocs/woo_wordpress/wp-content/plugins/importer/admin/class-importer-admin.php on line 216 and exactly 1 expected in /opt/lampp/htdocs/woo_wordpress/wp-content/plugins/importer/admin/partials/Class_list_table.php:196
Stack trace:
#0 /opt/lampp/htdocs/woo_wordpress/wp-content/plugins/importer/admin/class-importer-admin.php(216): Class_list_table->prepare_items()
#1 /opt/lampp/htdocs/woo_wordpress/wp-includes/class-wp-hook.php(287): Importer_Admin->meta_ajax_data('')
#2 /opt/lampp/htdocs/woo_wordpress/wp-includes/class-wp-hook.php(311): WP_Hook->apply_filters('', Array)
#3 /opt/lampp/htdocs/woo_wordpress/wp-includes/plugin.php(484): WP_Hook->do_action(Array)
#4 /opt/lampp/htdocs/woo_wordpress/wp-admin/admin-ajax.php(184): do_action('wp_ajax_meta_aj...')
#5 {main}
  thrown in /opt/lampp/htdocs/woo_wordpress/wp-content/plugins/importer/admin/partials/Class_list_table.php on line 196

2021-01-27T13:45:22+00:00 CRITICAL Uncaught ArgumentCountError: Too few arguments to function Class_list_table::prepare_items(), 0 passed in /opt/lampp/htdocs/woo_wordpress/wp-content/plugins/importer/admin/class-importer-admin.php on line 216 and exactly 1 expected in /opt/lampp/htdocs/woo_wordpress/wp-content/plugins/importer/admin/partials/Class_list_table.php:196
Stack trace:
#0 /opt/lampp/htdocs/woo_wordpress/wp-content/plugins/importer/admin/class-importer-admin.php(216): Class_list_table->prepare_items()
#1 /opt/lampp/htdocs/woo_wordpress/wp-includes/class-wp-hook.php(287): Importer_Admin->meta_ajax_data('')
#2 /opt/lampp/htdocs/woo_wordpress/wp-includes/class-wp-hook.php(311): WP_Hook->apply_filters('', Array)
#3 /opt/lampp/htdocs/woo_wordpress/wp-includes/plugin.php(484): WP_Hook->do_action(Array)
#4 /opt/lampp/htdocs/woo_wordpress/wp-admin/admin-ajax.php(184): do_action('wp_ajax_meta_aj...')
#5 {main}
  thrown in /opt/lampp/htdocs/woo_wordpress/wp-content/plugins/importer/admin/partials/Class_list_table.php on line 196

2021-01-27T13:45:30+00:00 CRITICAL Uncaught ArgumentCountError: Too few arguments to function Class_list_table::prepare_items(), 0 passed in /opt/lampp/htdocs/woo_wordpress/wp-content/plugins/importer/admin/class-importer-admin.php on line 216 and exactly 1 expected in /opt/lampp/htdocs/woo_wordpress/wp-content/plugins/importer/admin/partials/Class_list_table.php:196
Stack trace:
#0 /opt/lampp/htdocs/woo_wordpress/wp-content/plugins/importer/admin/class-importer-admin.php(216): Class_list_table->prepare_items()
#1 /opt/lampp/htdocs/woo_wordpress/wp-includes/class-wp-hook.php(287): Importer_Admin->meta_ajax_data('')
#2 /opt/lampp/htdocs/woo_wordpress/wp-includes/class-wp-hook.php(311): WP_Hook->apply_filters('', Array)
#3 /opt/lampp/htdocs/woo_wordpress/wp-includes/plugin.php(484): WP_Hook->do_action(Array)
#4 /opt/lampp/htdocs/woo_wordpress/wp-admin/admin-ajax.php(184): do_action('wp_ajax_meta_aj...')
#5 {main}
  thrown in /opt/lampp/htdocs/woo_wordpress/wp-content/plugins/importer/admin/partials/Class_list_table.php on line 196

2021-01-27T13:46:00+00:00 CRITICAL Uncaught ArgumentCountError: Too few arguments to function Class_list_table::prepare_items(), 0 passed in /opt/lampp/htdocs/woo_wordpress/wp-content/plugins/importer/admin/class-importer-admin.php on line 216 and exactly 1 expected in /opt/lampp/htdocs/woo_wordpress/wp-content/plugins/importer/admin/partials/Class_list_table.php:196
Stack trace:
#0 /opt/lampp/htdocs/woo_wordpress/wp-content/plugins/importer/admin/class-importer-admin.php(216): Class_list_table->prepare_items()
#1 /opt/lampp/htdocs/woo_wordpress/wp-includes/class-wp-hook.php(287): Importer_Admin->meta_ajax_data('')
#2 /opt/lampp/htdocs/woo_wordpress/wp-includes/class-wp-hook.php(311): WP_Hook->apply_filters('', Array)
#3 /opt/lampp/htdocs/woo_wordpress/wp-includes/plugin.php(484): WP_Hook->do_action(Array)
#4 /opt/lampp/htdocs/woo_wordpress/wp-admin/admin-ajax.php(184): do_action('wp_ajax_meta_aj...')
#5 {main}
  thrown in /opt/lampp/htdocs/woo_wordpress/wp-content/plugins/importer/admin/partials/Class_list_table.php on line 196

2021-01-27T13:54:09+00:00 CRITICAL Uncaught ArgumentCountError: Too few arguments to function Class_list_table::prepare_items(), 0 passed in /opt/lampp/htdocs/woo_wordpress/wp-content/plugins/importer/admin/class-importer-admin.php on line 216 and exactly 1 expected in /opt/lampp/htdocs/woo_wordpress/wp-content/plugins/importer/admin/partials/Class_list_table.php:196
Stack trace:
#0 /opt/lampp/htdocs/woo_wordpress/wp-content/plugins/importer/admin/class-importer-admin.php(216): Class_list_table->prepare_items()
#1 /opt/lampp/htdocs/woo_wordpress/wp-includes/class-wp-hook.php(287): Importer_Admin->meta_ajax_data('')
#2 /opt/lampp/htdocs/woo_wordpress/wp-includes/class-wp-hook.php(311): WP_Hook->apply_filters('', Array)
#3 /opt/lampp/htdocs/woo_wordpress/wp-includes/plugin.php(484): WP_Hook->do_action(Array)
#4 /opt/lampp/htdocs/woo_wordpress/wp-admin/admin-ajax.php(184): do_action('wp_ajax_meta_aj...')
#5 {main}
  thrown in /opt/lampp/htdocs/woo_wordpress/wp-content/plugins/importer/admin/partials/Class_list_table.php on line 196

2021-01-27T13:54:24+00:00 CRITICAL Uncaught ArgumentCountError: Too few arguments to function Class_list_table::prepare_items(), 0 passed in /opt/lampp/htdocs/woo_wordpress/wp-content/plugins/importer/admin/class-importer-admin.php on line 216 and exactly 1 expected in /opt/lampp/htdocs/woo_wordpress/wp-content/plugins/importer/admin/partials/Class_list_table.php:196
Stack trace:
#0 /opt/lampp/htdocs/woo_wordpress/wp-content/plugins/importer/admin/class-importer-admin.php(216): Class_list_table->prepare_items()
#1 /opt/lampp/htdocs/woo_wordpress/wp-includes/class-wp-hook.php(287): Importer_Admin->meta_ajax_data('')
#2 /opt/lampp/htdocs/woo_wordpress/wp-includes/class-wp-hook.php(311): WP_Hook->apply_filters('', Array)
#3 /opt/lampp/htdocs/woo_wordpress/wp-includes/plugin.php(484): WP_Hook->do_action(Array)
#4 /opt/lampp/htdocs/woo_wordpress/wp-admin/admin-ajax.php(184): do_action('wp_ajax_meta_aj...')
#5 {main}
  thrown in /opt/lampp/htdocs/woo_wordpress/wp-content/plugins/importer/admin/partials/Class_list_table.php on line 196

2021-01-27T13:54:31+00:00 CRITICAL Uncaught ArgumentCountError: Too few arguments to function Class_list_table::prepare_items(), 0 passed in /opt/lampp/htdocs/woo_wordpress/wp-content/plugins/importer/admin/class-importer-admin.php on line 216 and exactly 1 expected in /opt/lampp/htdocs/woo_wordpress/wp-content/plugins/importer/admin/partials/Class_list_table.php:196
Stack trace:
#0 /opt/lampp/htdocs/woo_wordpress/wp-content/plugins/importer/admin/class-importer-admin.php(216): Class_list_table->prepare_items()
#1 /opt/lampp/htdocs/woo_wordpress/wp-includes/class-wp-hook.php(287): Importer_Admin->meta_ajax_data('')
#2 /opt/lampp/htdocs/woo_wordpress/wp-includes/class-wp-hook.php(311): WP_Hook->apply_filters('', Array)
#3 /opt/lampp/htdocs/woo_wordpress/wp-includes/plugin.php(484): WP_Hook->do_action(Array)
#4 /opt/lampp/htdocs/woo_wordpress/wp-admin/admin-ajax.php(184): do_action('wp_ajax_meta_aj...')
#5 {main}
  thrown in /opt/lampp/htdocs/woo_wordpress/wp-content/plugins/importer/admin/partials/Class_list_table.php on line 196

2021-01-27T13:54:36+00:00 CRITICAL Uncaught ArgumentCountError: Too few arguments to function Class_list_table::prepare_items(), 0 passed in /opt/lampp/htdocs/woo_wordpress/wp-content/plugins/importer/admin/class-importer-admin.php on line 216 and exactly 1 expected in /opt/lampp/htdocs/woo_wordpress/wp-content/plugins/importer/admin/partials/Class_list_table.php:196
Stack trace:
#0 /opt/lampp/htdocs/woo_wordpress/wp-content/plugins/importer/admin/class-importer-admin.php(216): Class_list_table->prepare_items()
#1 /opt/lampp/htdocs/woo_wordpress/wp-includes/class-wp-hook.php(287): Importer_Admin->meta_ajax_data('')
#2 /opt/lampp/htdocs/woo_wordpress/wp-includes/class-wp-hook.php(311): WP_Hook->apply_filters('', Array)
#3 /opt/lampp/htdocs/woo_wordpress/wp-includes/plugin.php(484): WP_Hook->do_action(Array)
#4 /opt/lampp/htdocs/woo_wordpress/wp-admin/admin-ajax.php(184): do_action('wp_ajax_meta_aj...')
#5 {main}
  thrown in /opt/lampp/htdocs/woo_wordpress/wp-content/plugins/importer/admin/partials/Class_list_table.php on line 196

2021-01-27T13:56:50+00:00 CRITICAL Uncaught ArgumentCountError: Too few arguments to function Class_list_table::prepare_items(), 0 passed in /opt/lampp/htdocs/woo_wordpress/wp-content/plugins/importer/admin/class-importer-admin.php on line 216 and exactly 1 expected in /opt/lampp/htdocs/woo_wordpress/wp-content/plugins/importer/admin/partials/Class_list_table.php:196
Stack trace:
#0 /opt/lampp/htdocs/woo_wordpress/wp-content/plugins/importer/admin/class-importer-admin.php(216): Class_list_table->prepare_items()
#1 /opt/lampp/htdocs/woo_wordpress/wp-includes/class-wp-hook.php(287): Importer_Admin->meta_ajax_data('')
#2 /opt/lampp/htdocs/woo_wordpress/wp-includes/class-wp-hook.php(311): WP_Hook->apply_filters('', Array)
#3 /opt/lampp/htdocs/woo_wordpress/wp-includes/plugin.php(484): WP_Hook->do_action(Array)
#4 /opt/lampp/htdocs/woo_wordpress/wp-admin/admin-ajax.php(184): do_action('wp_ajax_meta_aj...')
#5 {main}
  thrown in /opt/lampp/htdocs/woo_wordpress/wp-content/plugins/importer/admin/partials/Class_list_table.php on line 196

2021-01-27T13:57:04+00:00 CRITICAL Uncaught ArgumentCountError: Too few arguments to function Class_list_table::prepare_items(), 0 passed in /opt/lampp/htdocs/woo_wordpress/wp-content/plugins/importer/admin/class-importer-admin.php on line 216 and exactly 1 expected in /opt/lampp/htdocs/woo_wordpress/wp-content/plugins/importer/admin/partials/Class_list_table.php:196
Stack trace:
#0 /opt/lampp/htdocs/woo_wordpress/wp-content/plugins/importer/admin/class-importer-admin.php(216): Class_list_table->prepare_items()
#1 /opt/lampp/htdocs/woo_wordpress/wp-includes/class-wp-hook.php(287): Importer_Admin->meta_ajax_data('')
#2 /opt/lampp/htdocs/woo_wordpress/wp-includes/class-wp-hook.php(311): WP_Hook->apply_filters('', Array)
#3 /opt/lampp/htdocs/woo_wordpress/wp-includes/plugin.php(484): WP_Hook->do_action(Array)
#4 /opt/lampp/htdocs/woo_wordpress/wp-admin/admin-ajax.php(184): do_action('wp_ajax_meta_aj...')
#5 {main}
  thrown in /opt/lampp/htdocs/woo_wordpress/wp-content/plugins/importer/admin/partials/Class_list_table.php on line 196

2021-01-27T13:58:44+00:00 CRITICAL Uncaught ArgumentCountError: Too few arguments to function Class_list_table::prepare_items(), 0 passed in /opt/lampp/htdocs/woo_wordpress/wp-content/plugins/importer/admin/class-importer-admin.php on line 216 and exactly 1 expected in /opt/lampp/htdocs/woo_wordpress/wp-content/plugins/importer/admin/partials/Class_list_table.php:196
Stack trace:
#0 /opt/lampp/htdocs/woo_wordpress/wp-content/plugins/importer/admin/class-importer-admin.php(216): Class_list_table->prepare_items()
#1 /opt/lampp/htdocs/woo_wordpress/wp-includes/class-wp-hook.php(287): Importer_Admin->meta_ajax_data('')
#2 /opt/lampp/htdocs/woo_wordpress/wp-includes/class-wp-hook.php(311): WP_Hook->apply_filters('', Array)
#3 /opt/lampp/htdocs/woo_wordpress/wp-includes/plugin.php(484): WP_Hook->do_action(Array)
#4 /opt/lampp/htdocs/woo_wordpress/wp-admin/admin-ajax.php(184): do_action('wp_ajax_meta_aj...')
#5 {main}
  thrown in /opt/lampp/htdocs/woo_wordpress/wp-content/plugins/importer/admin/partials/Class_list_table.php on line 196

2021-01-27T13:58:50+00:00 CRITICAL Uncaught ArgumentCountError: Too few arguments to function Class_list_table::prepare_items(), 0 passed in /opt/lampp/htdocs/woo_wordpress/wp-content/plugins/importer/admin/class-importer-admin.php on line 216 and exactly 1 expected in /opt/lampp/htdocs/woo_wordpress/wp-content/plugins/importer/admin/partials/Class_list_table.php:196
Stack trace:
#0 /opt/lampp/htdocs/woo_wordpress/wp-content/plugins/importer/admin/class-importer-admin.php(216): Class_list_table->prepare_items()
#1 /opt/lampp/htdocs/woo_wordpress/wp-includes/class-wp-hook.php(287): Importer_Admin->meta_ajax_data('')
#2 /opt/lampp/htdocs/woo_wordpress/wp-includes/class-wp-hook.php(311): WP_Hook->apply_filters('', Array)
#3 /opt/lampp/htdocs/woo_wordpress/wp-includes/plugin.php(484): WP_Hook->do_action(Array)
#4 /opt/lampp/htdocs/woo_wordpress/wp-admin/admin-ajax.php(184): do_action('wp_ajax_meta_aj...')
#5 {main}
  thrown in /opt/lampp/htdocs/woo_wordpress/wp-content/plugins/importer/admin/partials/Class_list_table.php on line 196

2021-01-27T13:59:07+00:00 CRITICAL Uncaught ArgumentCountError: Too few arguments to function Class_list_table::prepare_items(), 0 passed in /opt/lampp/htdocs/woo_wordpress/wp-content/plugins/importer/admin/class-importer-admin.php on line 216 and exactly 1 expected in /opt/lampp/htdocs/woo_wordpress/wp-content/plugins/importer/admin/partials/Class_list_table.php:196
Stack trace:
#0 /opt/lampp/htdocs/woo_wordpress/wp-content/plugins/importer/admin/class-importer-admin.php(216): Class_list_table->prepare_items()
#1 /opt/lampp/htdocs/woo_wordpress/wp-includes/class-wp-hook.php(287): Importer_Admin->meta_ajax_data('')
#2 /opt/lampp/htdocs/woo_wordpress/wp-includes/class-wp-hook.php(311): WP_Hook->apply_filters('', Array)
#3 /opt/lampp/htdocs/woo_wordpress/wp-includes/plugin.php(484): WP_Hook->do_action(Array)
#4 /opt/lampp/htdocs/woo_wordpress/wp-admin/admin-ajax.php(184): do_action('wp_ajax_meta_aj...')
#5 {main}
  thrown in /opt/lampp/htdocs/woo_wordpress/wp-content/plugins/importer/admin/partials/Class_list_table.php on line 196

2021-01-27T13:59:31+00:00 CRITICAL Uncaught ArgumentCountError: Too few arguments to function Class_list_table::prepare_items(), 0 passed in /opt/lampp/htdocs/woo_wordpress/wp-content/plugins/importer/admin/class-importer-admin.php on line 216 and exactly 1 expected in /opt/lampp/htdocs/woo_wordpress/wp-content/plugins/importer/admin/partials/Class_list_table.php:196
Stack trace:
#0 /opt/lampp/htdocs/woo_wordpress/wp-content/plugins/importer/admin/class-importer-admin.php(216): Class_list_table->prepare_items()
#1 /opt/lampp/htdocs/woo_wordpress/wp-includes/class-wp-hook.php(287): Importer_Admin->meta_ajax_data('')
#2 /opt/lampp/htdocs/woo_wordpress/wp-includes/class-wp-hook.php(311): WP_Hook->apply_filters('', Array)
#3 /opt/lampp/htdocs/woo_wordpress/wp-includes/plugin.php(484): WP_Hook->do_action(Array)
#4 /opt/lampp/htdocs/woo_wordpress/wp-admin/admin-ajax.php(184): do_action('wp_ajax_meta_aj...')
#5 {main}
  thrown in /opt/lampp/htdocs/woo_wordpress/wp-content/plugins/importer/admin/partials/Class_list_table.php on line 196

2021-01-27T14:00:06+00:00 CRITICAL Uncaught ArgumentCountError: Too few arguments to function Class_list_table::prepare_items(), 0 passed in /opt/lampp/htdocs/woo_wordpress/wp-content/plugins/importer/admin/class-importer-admin.php on line 216 and exactly 1 expected in /opt/lampp/htdocs/woo_wordpress/wp-content/plugins/importer/admin/partials/Class_list_table.php:196
Stack trace:
#0 /opt/lampp/htdocs/woo_wordpress/wp-content/plugins/importer/admin/class-importer-admin.php(216): Class_list_table->prepare_items()
#1 /opt/lampp/htdocs/woo_wordpress/wp-includes/class-wp-hook.php(287): Importer_Admin->meta_ajax_data('')
#2 /opt/lampp/htdocs/woo_wordpress/wp-includes/class-wp-hook.php(311): WP_Hook->apply_filters('', Array)
#3 /opt/lampp/htdocs/woo_wordpress/wp-includes/plugin.php(484): WP_Hook->do_action(Array)
#4 /opt/lampp/htdocs/woo_wordpress/wp-admin/admin-ajax.php(184): do_action('wp_ajax_meta_aj...')
#5 {main}
  thrown in /opt/lampp/htdocs/woo_wordpress/wp-content/plugins/importer/admin/partials/Class_list_table.php on line 196

2021-01-27T14:00:38+00:00 CRITICAL Uncaught ArgumentCountError: Too few arguments to function Class_list_table::prepare_items(), 0 passed in /opt/lampp/htdocs/woo_wordpress/wp-content/plugins/importer/admin/class-importer-admin.php on line 216 and exactly 1 expected in /opt/lampp/htdocs/woo_wordpress/wp-content/plugins/importer/admin/partials/Class_list_table.php:196
Stack trace:
#0 /opt/lampp/htdocs/woo_wordpress/wp-content/plugins/importer/admin/class-importer-admin.php(216): Class_list_table->prepare_items()
#1 /opt/lampp/htdocs/woo_wordpress/wp-includes/class-wp-hook.php(287): Importer_Admin->meta_ajax_data('')
#2 /opt/lampp/htdocs/woo_wordpress/wp-includes/class-wp-hook.php(311): WP_Hook->apply_filters('', Array)
#3 /opt/lampp/htdocs/woo_wordpress/wp-includes/plugin.php(484): WP_Hook->do_action(Array)
#4 /opt/lampp/htdocs/woo_wordpress/wp-admin/admin-ajax.php(184): do_action('wp_ajax_meta_aj...')
#5 {main}
  thrown in /opt/lampp/htdocs/woo_wordpress/wp-content/plugins/importer/admin/partials/Class_list_table.php on line 196

2021-01-27T14:00:45+00:00 CRITICAL Uncaught ArgumentCountError: Too few arguments to function Class_list_table::prepare_items(), 0 passed in /opt/lampp/htdocs/woo_wordpress/wp-content/plugins/importer/admin/class-importer-admin.php on line 216 and exactly 1 expected in /opt/lampp/htdocs/woo_wordpress/wp-content/plugins/importer/admin/partials/Class_list_table.php:196
Stack trace:
#0 /opt/lampp/htdocs/woo_wordpress/wp-content/plugins/importer/admin/class-importer-admin.php(216): Class_list_table->prepare_items()
#1 /opt/lampp/htdocs/woo_wordpress/wp-includes/class-wp-hook.php(287): Importer_Admin->meta_ajax_data('')
#2 /opt/lampp/htdocs/woo_wordpress/wp-includes/class-wp-hook.php(311): WP_Hook->apply_filters('', Array)
#3 /opt/lampp/htdocs/woo_wordpress/wp-includes/plugin.php(484): WP_Hook->do_action(Array)
#4 /opt/lampp/htdocs/woo_wordpress/wp-admin/admin-ajax.php(184): do_action('wp_ajax_meta_aj...')
#5 {main}
  thrown in /opt/lampp/htdocs/woo_wordpress/wp-content/plugins/importer/admin/partials/Class_list_table.php on line 196

2021-01-27T14:01:33+00:00 CRITICAL Uncaught ArgumentCountError: Too few arguments to function Class_list_table::prepare_items(), 0 passed in /opt/lampp/htdocs/woo_wordpress/wp-content/plugins/importer/admin/class-importer-admin.php on line 216 and exactly 1 expected in /opt/lampp/htdocs/woo_wordpress/wp-content/plugins/importer/admin/partials/Class_list_table.php:196
Stack trace:
#0 /opt/lampp/htdocs/woo_wordpress/wp-content/plugins/importer/admin/class-importer-admin.php(216): Class_list_table->prepare_items()
#1 /opt/lampp/htdocs/woo_wordpress/wp-includes/class-wp-hook.php(287): Importer_Admin->meta_ajax_data('')
#2 /opt/lampp/htdocs/woo_wordpress/wp-includes/class-wp-hook.php(311): WP_Hook->apply_filters('', Array)
#3 /opt/lampp/htdocs/woo_wordpress/wp-includes/plugin.php(484): WP_Hook->do_action(Array)
#4 /opt/lampp/htdocs/woo_wordpress/wp-admin/admin-ajax.php(184): do_action('wp_ajax_meta_aj...')
#5 {main}
  thrown in /opt/lampp/htdocs/woo_wordpress/wp-content/plugins/importer/admin/partials/Class_list_table.php on line 196

2021-01-27T14:02:21+00:00 CRITICAL Uncaught ArgumentCountError: Too few arguments to function Class_list_table::prepare_items(), 0 passed in /opt/lampp/htdocs/woo_wordpress/wp-content/plugins/importer/admin/class-importer-admin.php on line 216 and exactly 1 expected in /opt/lampp/htdocs/woo_wordpress/wp-content/plugins/importer/admin/partials/Class_list_table.php:196
Stack trace:
#0 /opt/lampp/htdocs/woo_wordpress/wp-content/plugins/importer/admin/class-importer-admin.php(216): Class_list_table->prepare_items()
#1 /opt/lampp/htdocs/woo_wordpress/wp-includes/class-wp-hook.php(287): Importer_Admin->meta_ajax_data('')
#2 /opt/lampp/htdocs/woo_wordpress/wp-includes/class-wp-hook.php(311): WP_Hook->apply_filters('', Array)
#3 /opt/lampp/htdocs/woo_wordpress/wp-includes/plugin.php(484): WP_Hook->do_action(Array)
#4 /opt/lampp/htdocs/woo_wordpress/wp-admin/admin-ajax.php(184): do_action('wp_ajax_meta_aj...')
#5 {main}
  thrown in /opt/lampp/htdocs/woo_wordpress/wp-content/plugins/importer/admin/partials/Class_list_table.php on line 196

2021-01-27T14:02:26+00:00 CRITICAL Uncaught ArgumentCountError: Too few arguments to function Class_list_table::prepare_items(), 0 passed in /opt/lampp/htdocs/woo_wordpress/wp-content/plugins/importer/admin/class-importer-admin.php on line 216 and exactly 1 expected in /opt/lampp/htdocs/woo_wordpress/wp-content/plugins/importer/admin/partials/Class_list_table.php:196
Stack trace:
#0 /opt/lampp/htdocs/woo_wordpress/wp-content/plugins/importer/admin/class-importer-admin.php(216): Class_list_table->prepare_items()
#1 /opt/lampp/htdocs/woo_wordpress/wp-includes/class-wp-hook.php(287): Importer_Admin->meta_ajax_data('')
#2 /opt/lampp/htdocs/woo_wordpress/wp-includes/class-wp-hook.php(311): WP_Hook->apply_filters('', Array)
#3 /opt/lampp/htdocs/woo_wordpress/wp-includes/plugin.php(484): WP_Hook->do_action(Array)
#4 /opt/lampp/htdocs/woo_wordpress/wp-admin/admin-ajax.php(184): do_action('wp_ajax_meta_aj...')
#5 {main}
  thrown in /opt/lampp/htdocs/woo_wordpress/wp-content/plugins/importer/admin/partials/Class_list_table.php on line 196

2021-01-27T14:02:56+00:00 CRITICAL Uncaught ArgumentCountError: Too few arguments to function Class_list_table::prepare_items(), 0 passed in /opt/lampp/htdocs/woo_wordpress/wp-content/plugins/importer/admin/class-importer-admin.php on line 216 and exactly 1 expected in /opt/lampp/htdocs/woo_wordpress/wp-content/plugins/importer/admin/partials/Class_list_table.php:196
Stack trace:
#0 /opt/lampp/htdocs/woo_wordpress/wp-content/plugins/importer/admin/class-importer-admin.php(216): Class_list_table->prepare_items()
#1 /opt/lampp/htdocs/woo_wordpress/wp-includes/class-wp-hook.php(287): Importer_Admin->meta_ajax_data('')
#2 /opt/lampp/htdocs/woo_wordpress/wp-includes/class-wp-hook.php(311): WP_Hook->apply_filters('', Array)
#3 /opt/lampp/htdocs/woo_wordpress/wp-includes/plugin.php(484): WP_Hook->do_action(Array)
#4 /opt/lampp/htdocs/woo_wordpress/wp-admin/admin-ajax.php(184): do_action('wp_ajax_meta_aj...')
#5 {main}
  thrown in /opt/lampp/htdocs/woo_wordpress/wp-content/plugins/importer/admin/partials/Class_list_table.php on line 196

2021-01-27T14:03:19+00:00 CRITICAL Uncaught ArgumentCountError: Too few arguments to function Class_list_table::prepare_items(), 0 passed in /opt/lampp/htdocs/woo_wordpress/wp-content/plugins/importer/admin/class-importer-admin.php on line 216 and exactly 1 expected in /opt/lampp/htdocs/woo_wordpress/wp-content/plugins/importer/admin/partials/Class_list_table.php:196
Stack trace:
#0 /opt/lampp/htdocs/woo_wordpress/wp-content/plugins/importer/admin/class-importer-admin.php(216): Class_list_table->prepare_items()
#1 /opt/lampp/htdocs/woo_wordpress/wp-includes/class-wp-hook.php(287): Importer_Admin->meta_ajax_data('')
#2 /opt/lampp/htdocs/woo_wordpress/wp-includes/class-wp-hook.php(311): WP_Hook->apply_filters('', Array)
#3 /opt/lampp/htdocs/woo_wordpress/wp-includes/plugin.php(484): WP_Hook->do_action(Array)
#4 /opt/lampp/htdocs/woo_wordpress/wp-admin/admin-ajax.php(184): do_action('wp_ajax_meta_aj...')
#5 {main}
  thrown in /opt/lampp/htdocs/woo_wordpress/wp-content/plugins/importer/admin/partials/Class_list_table.php on line 196

2021-01-27T14:04:43+00:00 CRITICAL Uncaught ArgumentCountError: Too few arguments to function Class_list_table::prepare_items(), 0 passed in /opt/lampp/htdocs/woo_wordpress/wp-content/plugins/importer/admin/class-importer-admin.php on line 216 and exactly 1 expected in /opt/lampp/htdocs/woo_wordpress/wp-content/plugins/importer/admin/partials/Class_list_table.php:196
Stack trace:
#0 /opt/lampp/htdocs/woo_wordpress/wp-content/plugins/importer/admin/class-importer-admin.php(216): Class_list_table->prepare_items()
#1 /opt/lampp/htdocs/woo_wordpress/wp-includes/class-wp-hook.php(287): Importer_Admin->meta_ajax_data('')
#2 /opt/lampp/htdocs/woo_wordpress/wp-includes/class-wp-hook.php(311): WP_Hook->apply_filters('', Array)
#3 /opt/lampp/htdocs/woo_wordpress/wp-includes/plugin.php(484): WP_Hook->do_action(Array)
#4 /opt/lampp/htdocs/woo_wordpress/wp-admin/admin-ajax.php(184): do_action('wp_ajax_meta_aj...')
#5 {main}
  thrown in /opt/lampp/htdocs/woo_wordpress/wp-content/plugins/importer/admin/partials/Class_list_table.php on line 196

2021-01-27T14:06:45+00:00 CRITICAL Uncaught ArgumentCountError: Too few arguments to function Class_list_table::prepare_items(), 0 passed in /opt/lampp/htdocs/woo_wordpress/wp-content/plugins/importer/admin/class-importer-admin.php on line 216 and exactly 1 expected in /opt/lampp/htdocs/woo_wordpress/wp-content/plugins/importer/admin/partials/Class_list_table.php:196
Stack trace:
#0 /opt/lampp/htdocs/woo_wordpress/wp-content/plugins/importer/admin/class-importer-admin.php(216): Class_list_table->prepare_items()
#1 /opt/lampp/htdocs/woo_wordpress/wp-includes/class-wp-hook.php(287): Importer_Admin->meta_ajax_data('')
#2 /opt/lampp/htdocs/woo_wordpress/wp-includes/class-wp-hook.php(311): WP_Hook->apply_filters('', Array)
#3 /opt/lampp/htdocs/woo_wordpress/wp-includes/plugin.php(484): WP_Hook->do_action(Array)
#4 /opt/lampp/htdocs/woo_wordpress/wp-admin/admin-ajax.php(184): do_action('wp_ajax_meta_aj...')
#5 {main}
  thrown in /opt/lampp/htdocs/woo_wordpress/wp-content/plugins/importer/admin/partials/Class_list_table.php on line 196

